[VENDIDO]   2025-04-03 19:50:22 - [ID=1] Sedan Tradicional Verde | Estação: 3 | Funcionário: 115 | Posição Esteira: 30 | Loja: 2 | Posição Esteira Loja: 12
[VENDIDO]   2025-04-03 19:50:22 - [ID=2] Utilitário Esportivo Azul | Estação: 1 | Funcionário: 102 | Posição Esteira: 13 | Loja: 1 | Posição Esteira Loja: 19
[VENDIDO]   2025-04-03 19:50:22 - [ID=3] Sedan Tradicional Azul | Estação: 2 | Funcionário: 101 | Posição Esteira: 5 | Loja: 2 | Posição Esteira Loja: 17
[VENDIDO]   2025-04-03 19:50:22 - [ID=4] Utilitário Esportivo Vermelho | Estação: 2 | Funcionário: 109 | Posição Esteira: 18 | Loja: 3 | Posição Esteira Loja: 35
[VENDIDO]   2025-04-03 19:50:22 - [ID=5] Utilitário Esportivo Verde | Estação: 1 | Funcionário: 111 | Posição Esteira: 3 | Loja: 2 | Posição Esteira Loja: 27
[VENDIDO]   2025-04-03 19:50:22 - [ID=6] Utilitário Esportivo Vermelho | Estação: 3 | Funcionário: 101 | Posição Esteira: 3 | Loja: 3 | Posição Esteira Loja: 7
[VENDIDO]   2025-04-03 19:50:22 - [ID=7] Sedan Tradicional Vermelho | Estação: 1 | Funcionário: 104 | Posição Esteira: 4 | Loja: 3 | Posição Esteira Loja: 15
[VENDIDO]   2025-04-03 19:50:22 - [ID=8] Sedan Tradicional Vermelho | Estação: 1 | Funcionário: 107 | Posição Esteira: 39 | Loja: 3 | Posição Esteira Loja: 2
[VENDIDO]   2025-04-03 19:50:22 - [ID=9] Sedan Tradicional Verde | Estação: 4 | Funcionário: 117 | Posição Esteira: 20 | Loja: 3 | Posição Esteira Loja: 6
[VENDIDO]   2025-04-03 19:50:22 - [ID=10] Utilitário Esportivo Vermelho | Estação: 3 | Funcionário: 120 | Posição Esteira: 2 | Loja: 3 | Posição Esteira Loja: 28
[VENDIDO]   2025-04-03 19:50:22 - [ID=11] Utilitário Esportivo Azul | Estação: 3 | Funcionário: 115 | Posição Esteira: 16 | Loja: 3 | Posição Esteira Loja: 4
[VENDIDO]   2025-04-03 19:50:22 - [ID=12] Utilitário Esportivo Vermelho | Estação: 2 | Funcionário: 105 | Posição Esteira: 17 | Loja: 3 | Posição Esteira Loja: 32
[VENDIDO]   2025-04-03 19:50:22 - [ID=13] Utilitário Esportivo Vermelho | Estação: 4 | Funcionário: 102 | Posição Esteira: 24 | Loja: 2 | Posição Esteira Loja: 26
[VENDIDO]   2025-04-03 19:50:22 - [ID=14] Sedan Tradicional Verde | Estação: 4 | Funcionário: 105 | Posição Esteira: 33 | Loja: 2 | Posição Esteira Loja: 0
[VENDIDO]   2025-04-03 19:50:22 - [ID=15] Utilitário Esportivo Azul | Estação: 1 | Funcionário: 120 | Posição Esteira: 0 | Loja: 2 | Posição Esteira Loja: 14
[VENDIDO]   2025-04-03 19:50:22 - [ID=16] Utilitário Esportivo Azul | Estação: 1 | Funcionário: 113 | Posição Esteira: 30 | Loja: 2 | Posição Esteira Loja: 10
[VENDIDO]   2025-04-03 19:50:22 - [ID=17] Utilitário Esportivo Azul | Estação: 3 | Funcionário: 108 | Posição Esteira: 14 | Loja: 2 | Posição Esteira Loja: 20
[VENDIDO]   2025-04-03 19:50:22 - [ID=18] Sedan Tradicional Vermelho | Estação: 4 | Funcionário: 113 | Posição Esteira: 38 | Loja: 1 | Posição Esteira Loja: 13
[VENDIDO]   2025-04-03 19:50:22 - [ID=19] Utilitário Esportivo Azul | Estação: 1 | Funcionário: 102 | Posição Esteira: 6 | Loja: 1 | Posição Esteira Loja: 5
[VENDIDO]   2025-04-03 19:50:22 - [ID=20] Sedan Tradicional Vermelho | Estação: 2 | Funcionário: 101 | Posição Esteira: 21 | Loja: 1 | Posição Esteira Loja: 19
[VENDIDO]   2025-04-03 19:50:22 - [ID=21] Utilitário Esportivo Verde | Estação: 1 | Funcionário: 118 | Posição Esteira: 37 | Loja: 3 | Posição Esteira Loja: 9
[VENDIDO]   2025-04-03 19:50:22 - [ID=22] Sedan Tradicional Azul | Estação: 3 | Funcionário: 118 | Posição Esteira: 31 | Loja: 1 | Posição Esteira Loja: 11
[VENDIDO]   2025-04-03 19:50:22 - [ID=23] Utilitário Esportivo Verde | Estação: 1 | Funcionário: 117 | Posição Esteira: 22 | Loja: 2 | Posição Esteira Loja: 13
[VENDIDO]   2025-04-03 19:50:22 - [ID=24] Sedan Tradicional Azul | Estação: 2 | Funcionário: 102 | Posição Esteira: 27 | Loja: 2 | Posição Esteira Loja: 30
[VENDIDO]   2025-04-03 19:50:22 - [ID=25] Utilitário Esportivo Vermelho | Estação: 3 | Funcionário: 103 | Posição Esteira: 21 | Loja: 2 | Posição Esteira Loja: 39
[VENDIDO]   2025-04-03 19:50:22 - [ID=26] Sedan Tradicional Azul | Estação: 2 | Funcionário: 109 | Posição Esteira: 37 | Loja: 3 | Posição Esteira Loja: 16
[VENDIDO]   2025-04-03 19:50:22 - [ID=27] Utilitário Esportivo Verde | Estação: 4 | Funcionário: 108 | Posição Esteira: 36 | Loja: 1 | Posição Esteira Loja: 7
[VENDIDO]   2025-04-03 19:50:22 - [ID=28] Utilitário Esportivo Verde | Estação: 4 | Funcionário: 110 | Posição Esteira: 17 | Loja: 1 | Posição Esteira Loja: 9
[VENDIDO]   2025-04-03 19:50:22 - [ID=29] Utilitário Esportivo Verde | Estação: 3 | Funcionário: 113 | Posição Esteira: 34 | Loja: 1 | Posição Esteira Loja: 23
[VENDIDO]   2025-04-03 19:50:22 - [ID=30] Sedan Tradicional Vermelho | Estação: 3 | Funcionário: 112 | Posição Esteira: 36 | Loja: 2 | Posição Esteira Loja: 39
[VENDIDO]   2025-04-03 19:50:22 - [ID=31] Sedan Tradicional Vermelho | Estação: 2 | Funcionário: 109 | Posição Esteira: 30 | Loja: 2 | Posição Esteira Loja: 31
[VENDIDO]   2025-04-03 19:50:22 - [ID=32] Sedan Tradicional Vermelho | Estação: 4 | Funcionário: 112 | Posição Esteira: 9 | Loja: 2 | Posição Esteira Loja: 32
[VENDIDO]   2025-04-03 19:50:22 - [ID=33] Utilitário Esportivo Azul | Estação: 4 | Funcionário: 106 | Posição Esteira: 33 | Loja: 2 | Posição Esteira Loja: 34
[VENDIDO]   2025-04-03 19:50:22 - [ID=34] Sedan Tradicional Vermelho | Estação: 3 | Funcionário: 117 | Posição Esteira: 10 | Loja: 3 | Posição Esteira Loja: 10
[VENDIDO]   2025-04-03 19:50:22 - [ID=35] Sedan Tradicional Vermelho | Estação: 3 | Funcionário: 112 | Posição Esteira: 0 | Loja: 2 | Posição Esteira Loja: 8
[VENDIDO]   2025-04-03 19:50:22 - [ID=36] Utilitário Esportivo Azul | Estação: 1 | Funcionário: 117 | Posição Esteira: 3 | Loja: 2 | Posição Esteira Loja: 21
[VENDIDO]   2025-04-03 19:50:22 - [ID=37] Sedan Tradicional Azul | Estação: 2 | Funcionário: 115 | Posição Esteira: 34 | Loja: 3 | Posição Esteira Loja: 0
[VENDIDO]   2025-04-03 19:50:22 - [ID=38] Utilitário Esportivo Verde | Estação: 2 | Funcionário: 110 | Posição Esteira: 27 | Loja: 3 | Posição Esteira Loja: 20
[VENDIDO]   2025-04-03 19:50:22 - [ID=39] Sedan Tradicional Azul | Estação: 3 | Funcionário: 101 | Posição Esteira: 7 | Loja: 1 | Posição Esteira Loja: 35
[VENDIDO]   2025-04-03 19:50:22 - [ID=40] Sedan Tradicional Verde | Estação: 1 | Funcionário: 106 | Posição Esteira: 8 | Loja: 3 | Posição Esteira Loja: 0
[VENDIDO]   2025-04-03 19:50:22 - [ID=41] Utilitário Esportivo Vermelho | Estação: 1 | Funcionário: 117 | Posição Esteira: 5 | Loja: 2 | Posição Esteira Loja: 24
[VENDIDO]   2025-04-03 19:50:22 - [ID=42] Utilitário Esportivo Azul | Estação: 4 | Funcionário: 113 | Posição Esteira: 6 | Loja: 2 | Posição Esteira Loja: 7
[VENDIDO]   2025-04-03 19:50:22 - [ID=43] Sedan Tradicional Azul | Estação: 4 | Funcionário: 108 | Posição Esteira: 30 | Loja: 2 | Posição Esteira Loja: 6
[VENDIDO]   2025-04-03 19:50:22 - [ID=44] Sedan Tradicional Azul | Estação: 4 | Funcionário: 105 | Posição Esteira: 26 | Loja: 1 | Posição Esteira Loja: 31
[VENDIDO]   2025-04-03 19:50:22 - [ID=45] Sedan Tradicional Azul | Estação: 1 | Funcionário: 116 | Posição Esteira: 17 | Loja: 1 | Posição Esteira Loja: 2
[VENDIDO]   2025-04-03 19:50:22 - [ID=46] Utilitário Esportivo Vermelho | Estação: 2 | Funcionário: 120 | Posição Esteira: 7 | Loja: 2 | Posição Esteira Loja: 31
[VENDIDO]   2025-04-03 19:50:22 - [ID=47] Utilitário Esportivo Azul | Estação: 4 | Funcionário: 118 | Posição Esteira: 36 | Loja: 1 | Posição Esteira Loja: 9
[VENDIDO]   2025-04-03 19:50:22 - [ID=48] Sedan Tradicional Vermelho | Estação: 3 | Funcionário: 115 | Posição Esteira: 37 | Loja: 3 | Posição Esteira Loja: 20
[VENDIDO]   2025-04-03 19:50:22 - [ID=49] Utilitário Esportivo Vermelho | Estação: 3 | Funcionário: 110 | Posição Esteira: 22 | Loja: 3 | Posição Esteira Loja: 17
[VENDIDO]   2025-04-03 19:50:22 - [ID=50] Utilitário Esportivo Verde | Estação: 3 | Funcionário: 118 | Posição Esteira: 24 | Loja: 3 | Posição Esteira Loja: 10
[VENDIDO]   2025-04-03 19:50:22 - [ID=51] Sedan Tradicional Azul | Estação: 2 | Funcionário: 106 | Posição Esteira: 31 | Loja: 1 | Posição Esteira Loja: 10
[VENDIDO]   2025-04-03 19:50:22 - [ID=52] Sedan Tradicional Verde | Estação: 4 | Funcionário: 107 | Posição Esteira: 38 | Loja: 3 | Posição Esteira Loja: 22
[VENDIDO]   2025-04-03 19:50:22 - [ID=53] Utilitário Esportivo Azul | Estação: 2 | Funcionário: 105 | Posição Esteira: 11 | Loja: 1 | Posição Esteira Loja: 4
[VENDIDO]   2025-04-03 19:50:22 - [ID=54] Sedan Tradicional Azul | Estação: 1 | Funcionário: 104 | Posição Esteira: 5 | Loja: 2 | Posição Esteira Loja: 12
[VENDIDO]   2025-04-03 19:50:22 - [ID=55] Sedan Tradicional Verde | Estação: 1 | Funcionário: 116 | Posição Esteira: 18 | Loja: 2 | Posição Esteira Loja: 33
[VENDIDO]   2025-04-03 19:50:23 - [ID=56] Utilitário Esportivo Vermelho | Estação: 4 | Funcionário: 113 | Posição Esteira: 14 | Loja: 1 | Posição Esteira Loja: 22
[VENDIDO]   2025-04-03 19:50:23 - [ID=57] Sedan Tradicional Verde | Estação: 1 | Funcionário: 103 | Posição Esteira: 11 | Loja: 1 | Posição Esteira Loja: 12
[VENDIDO]   2025-04-03 19:50:23 - [ID=58] Utilitário Esportivo Verde | Estação: 2 | Funcionário: 119 | Posição Esteira: 20 | Loja: 1 | Posição Esteira Loja: 34
[VENDIDO]   2025-04-03 19:50:23 - [ID=59] Utilitário Esportivo Verde | Estação: 3 | Funcionário: 103 | Posição Esteira: 18 | Loja: 3 | Posição Esteira Loja: 0
[VENDIDO]   2025-04-03 19:50:23 - [ID=60] Sedan Tradicional Azul | Estação: 3 | Funcionário: 108 | Posição Esteira: 11 | Loja: 2 | Posição Esteira Loja: 24
[VENDIDO]   2025-04-03 19:50:23 - [ID=61] Sedan Tradicional Azul | Estação: 1 | Funcionário: 120 | Posição Esteira: 2 | Loja: 1 | Posição Esteira Loja: 24
[VENDIDO]   2025-04-03 19:50:23 - [ID=62] Sedan Tradicional Verde | Estação: 2 | Funcionário: 108 | Posição Esteira: 13 | Loja: 3 | Posição Esteira Loja: 3
[VENDIDO]   2025-04-03 19:50:23 - [ID=63] Utilitário Esportivo Azul | Estação: 3 | Funcionário: 107 | Posição Esteira: 15 | Loja: 2 | Posição Esteira Loja: 33
[VENDIDO]   2025-04-03 19:50:23 - [ID=64] Utilitário Esportivo Vermelho | Estação: 2 | Funcionário: 102 | Posição Esteira: 35 | Loja: 3 | Posição Esteira Loja: 35
[VENDIDO]   2025-04-03 19:50:23 - [ID=65] Sedan Tradicional Vermelho | Estação: 2 | Funcionário: 113 | Posição Esteira: 5 | Loja: 2 | Posição Esteira Loja: 20
[VENDIDO]   2025-04-03 19:50:23 - [ID=66] Sedan Tradicional Verde | Estação: 4 | Funcionário: 106 | Posição Esteira: 13 | Loja: 1 | Posição Esteira Loja: 14
[VENDIDO]   2025-04-03 19:50:23 - [ID=67] Utilitário Esportivo Vermelho | Estação: 3 | Funcionário: 111 | Posição Esteira: 38 | Loja: 2 | Posição Esteira Loja: 3
[VENDIDO]   2025-04-03 19:50:23 - [ID=68] Sedan Tradicional Vermelho | Estação: 1 | Funcionário: 110 | Posição Esteira: 30 | Loja: 2 | Posição Esteira Loja: 5
[VENDIDO]   2025-04-03 19:50:23 - [ID=69] Sedan Tradicional Verde | Estação: 4 | Funcionário: 116 | Posição Esteira: 30 | Loja: 1 | Posição Esteira Loja: 33
[VENDIDO]   2025-04-03 19:50:23 - [ID=70] Sedan Tradicional Azul | Estação: 1 | Funcionário: 108 | Posição Esteira: 18 | Loja: 1 | Posição Esteira Loja: 28
[VENDIDO]   2025-04-03 19:50:23 - [ID=71] Utilitário Esportivo Vermelho | Estação: 3 | Funcionário: 114 | Posição Esteira: 27 | Loja: 3 | Posição Esteira Loja: 22
[VENDIDO]   2025-04-03 19:50:23 - [ID=72] Utilitário Esportivo Azul | Estação: 1 | Funcionário: 107 | Posição Esteira: 39 | Loja: 2 | Posição Esteira Loja: 23
[VENDIDO]   2025-04-03 19:50:23 - [ID=73] Sedan Tradicional Vermelho | Estação: 2 | Funcionário: 103 | Posição Esteira: 6 | Loja: 2 | Posição Esteira Loja: 22
[VENDIDO]   2025-04-03 19:50:23 - [ID=74] Utilitário Esportivo Azul | Estação: 2 | Funcionário: 114 | Posição Esteira: 11 | Loja: 3 | Posição Esteira Loja: 27
[VENDIDO]   2025-04-03 19:50:23 - [ID=75] Utilitário Esportivo Verde | Estação: 4 | Funcionário: 116 | Posição Esteira: 28 | Loja: 1 | Posição Esteira Loja: 27
[VENDIDO]   2025-04-03 19:50:23 - [ID=76] Utilitário Esportivo Azul | Estação: 2 | Funcionário: 107 | Posição Esteira: 30 | Loja: 1 | Posição Esteira Loja: 1
[VENDIDO]   2025-04-03 19:50:23 - [ID=77] Sedan Tradicional Verde | Estação: 2 | Funcionário: 115 | Posição Esteira: 29 | Loja: 2 | Posição Esteira Loja: 36
[VENDIDO]   2025-04-03 19:50:23 - [ID=78] Utilitário Esportivo Azul | Estação: 4 | Funcionário: 106 | Posição Esteira: 22 | Loja: 2 | Posição Esteira Loja: 36
[VENDIDO]   2025-04-03 19:50:23 - [ID=79] Utilitário Esportivo Verde | Estação: 3 | Funcionário: 112 | Posição Esteira: 17 | Loja: 1 | Posição Esteira Loja: 9
[VENDIDO]   2025-04-03 19:50:23 - [ID=80] Sedan Tradicional Azul | Estação: 2 | Funcionário: 107 | Posição Esteira: 5 | Loja: 1 | Posição Esteira Loja: 26
[VENDIDO]   2025-04-03 19:50:23 - [ID=81] Sedan Tradicional Verde | Estação: 1 | Funcionário: 114 | Posição Esteira: 12 | Loja: 2 | Posição Esteira Loja: 32
[VENDIDO]   2025-04-03 19:50:23 - [ID=82] Sedan Tradicional Vermelho | Estação: 2 | Funcionário: 109 | Posição Esteira: 14 | Loja: 2 | Posição Esteira Loja: 9
[VENDIDO]   2025-04-03 19:50:23 - [ID=83] Utilitário Esportivo Verde | Estação: 1 | Funcionário: 107 | Posição Esteira: 32 | Loja: 3 | Posição Esteira Loja: 25
[VENDIDO]   2025-04-03 19:50:23 - [ID=84] Sedan Tradicional Vermelho | Estação: 3 | Funcionário: 104 | Posição Esteira: 29 | Loja: 2 | Posição Esteira Loja: 7
[VENDIDO]   2025-04-03 19:50:23 - [ID=85] Utilitário Esportivo Azul | Estação: 4 | Funcionário: 120 | Posição Esteira: 36 | Loja: 2 | Posição Esteira Loja: 17
[VENDIDO]   2025-04-03 19:50:23 - [ID=86] Utilitário Esportivo Vermelho | Estação: 3 | Funcionário: 113 | Posição Esteira: 24 | Loja: 1 | Posição Esteira Loja: 14
[VENDIDO]   2025-04-03 19:50:23 - [ID=87] Utilitário Esportivo Verde | Estação: 3 | Funcionário: 120 | Posição Esteira: 29 | Loja: 3 | Posição Esteira Loja: 2
[VENDIDO]   2025-04-03 19:50:23 - [ID=88] Sedan Tradicional Verde | Estação: 4 | Funcionário: 104 | Posição Esteira: 5 | Loja: 1 | Posição Esteira Loja: 38
[VENDIDO]   2025-04-03 19:50:23 - [ID=89] Utilitário Esportivo Verde | Estação: 4 | Funcionário: 107 | Posição Esteira: 23 | Loja: 3 | Posição Esteira Loja: 26
[VENDIDO]   2025-04-03 19:50:23 - [ID=90] Utilitário Esportivo Azul | Estação: 2 | Funcionário: 118 | Posição Esteira: 25 | Loja: 1 | Posição Esteira Loja: 11
[VENDIDO]   2025-04-03 19:50:23 - [ID=91] Sedan Tradicional Azul | Estação: 3 | Funcionário: 103 | Posição Esteira: 23 | Loja: 2 | Posição Esteira Loja: 32
[VENDIDO]   2025-04-03 19:50:23 - [ID=92] Sedan Tradicional Azul | Estação: 4 | Funcionário: 114 | Posição Esteira: 6 | Loja: 1 | Posição Esteira Loja: 23
[VENDIDO]   2025-04-03 19:50:23 - [ID=93] Sedan Tradicional Verde | Estação: 3 | Funcionário: 102 | Posição Esteira: 2 | Loja: 1 | Posição Esteira Loja: 34
[VENDIDO]   2025-04-03 19:50:23 - [ID=94] Utilitário Esportivo Verde | Estação: 1 | Funcionário: 108 | Posição Esteira: 6 | Loja: 3 | Posição Esteira Loja: 35
[VENDIDO]   2025-04-03 19:50:23 - [ID=95] Utilitário Esportivo Vermelho | Estação: 3 | Funcionário: 120 | Posição Esteira: 22 | Loja: 1 | Posição Esteira Loja: 23
[VENDIDO]   2025-04-03 19:50:23 - [ID=96] Utilitário Esportivo Verde | Estação: 3 | Funcionário: 111 | Posição Esteira: 5 | Loja: 3 | Posição Esteira Loja: 23
[VENDIDO]   2025-04-03 19:50:23 - [ID=97] Sedan Tradicional Verde | Estação: 3 | Funcionário: 117 | Posição Esteira: 29 | Loja: 2 | Posição Esteira Loja: 31
[VENDIDO]   2025-04-03 19:50:23 - [ID=98] Sedan Tradicional Vermelho | Estação: 3 | Funcionário: 107 | Posição Esteira: 0 | Loja: 1 | Posição Esteira Loja: 20
[VENDIDO]   2025-04-03 19:50:23 - [ID=99] Sedan Tradicional Azul | Estação: 1 | Funcionário: 110 | Posição Esteira: 17 | Loja: 1 | Posição Esteira Loja: 12
[VENDIDO]   2025-04-03 19:50:23 - [ID=100] Utilitário Esportivo Vermelho | Estação: 2 | Funcionário: 117 | Posição Esteira: 5 | Loja: 1 | Posição Esteira Loja: 9
[VENDIDO]   2025-04-03 19:50:23 - [ID=101] Utilitário Esportivo Azul | Estação: 3 | Funcionário: 103 | Posição Esteira: 11 | Loja: 1 | Posição Esteira Loja: 17
[VENDIDO]   2025-04-03 19:50:23 - [ID=102] Utilitário Esportivo Verde | Estação: 2 | Funcionário: 106 | Posição Esteira: 28 | Loja: 2 | Posição Esteira Loja: 11
[VENDIDO]   2025-04-03 19:50:23 - [ID=103] Sedan Tradicional Azul | Estação: 4 | Funcionário: 102 | Posição Esteira: 29 | Loja: 1 | Posição Esteira Loja: 20
[VENDIDO]   2025-04-03 19:50:23 - [ID=104] Utilitário Esportivo Azul | Estação: 2 | Funcionário: 111 | Posição Esteira: 16 | Loja: 2 | Posição Esteira Loja: 34
[VENDIDO]   2025-04-03 19:50:23 - [ID=105] Utilitário Esportivo Verde | Estação: 2 | Funcionário: 108 | Posição Esteira: 35 | Loja: 2 | Posição Esteira Loja: 11
[VENDIDO]   2025-04-03 19:50:23 - [ID=106] Utilitário Esportivo Vermelho | Estação: 2 | Funcionário: 118 | Posição Esteira: 3 | Loja: 2 | Posição Esteira Loja: 27
[VENDIDO]   2025-04-03 19:50:23 - [ID=107] Sedan Tradicional Azul | Estação: 3 | Funcionário: 118 | Posição Esteira: 31 | Loja: 3 | Posição Esteira Loja: 14
[VENDIDO]   2025-04-03 19:50:23 - [ID=108] Utilitário Esportivo Vermelho | Estação: 2 | Funcionário: 120 | Posição Esteira: 35 | Loja: 3 | Posição Esteira Loja: 32
[VENDIDO]   2025-04-03 19:50:23 - [ID=109] Sedan Tradicional Azul | Estação: 3 | Funcionário: 106 | Posição Esteira: 17 | Loja: 3 | Posição Esteira Loja: 5
[VENDIDO]   2025-04-03 19:50:23 - [ID=110] Utilitário Esportivo Azul | Estação: 4 | Funcionário: 108 | Posição Esteira: 28 | Loja: 3 | Posição Esteira Loja: 26
[VENDIDO]   2025-04-03 19:50:23 - [ID=111] Sedan Tradicional Azul | Estação: 1 | Funcionário: 102 | Posição Esteira: 2 | Loja: 3 | Posição Esteira Loja: 34
[VENDIDO]   2025-04-03 19:50:23 - [ID=112] Utilitário Esportivo Azul | Estação: 2 | Funcionário: 102 | Posição Esteira: 27 | Loja: 1 | Posição Esteira Loja: 15
[VENDIDO]   2025-04-03 19:50:23 - [ID=113] Sedan Tradicional Verde | Estação: 1 | Funcionário: 112 | Posição Esteira: 14 | Loja: 2 | Posição Esteira Loja: 21
[VENDIDO]   2025-04-03 19:50:23 - [ID=114] Utilitário Esportivo Verde | Estação: 1 | Funcionário: 119 | Posição Esteira: 34 | Loja: 3 | Posição Esteira Loja: 16
[VENDIDO]   2025-04-03 19:50:23 - [ID=115] Utilitário Esportivo Vermelho | Estação: 3 | Funcionário: 102 | Posição Esteira: 36 | Loja: 2 | Posição Esteira Loja: 36
[VENDIDO]   2025-04-03 19:50:23 - [ID=116] Utilitário Esportivo Azul | Estação: 1 | Funcionário: 117 | Posição Esteira: 24 | Loja: 2 | Posição Esteira Loja: 33
[VENDIDO]   2025-04-03 19:50:23 - [ID=117] Sedan Tradicional Verde | Estação: 2 | Funcionário: 103 | Posição Esteira: 27 | Loja: 3 | Posição Esteira Loja: 20
[VENDIDO]   2025-04-03 19:50:23 - [ID=118] Sedan Tradicional Azul | Estação: 1 | Funcionário: 116 | Posição Esteira: 27 | Loja: 2 | Posição Esteira Loja: 29
[VENDIDO]   2025-04-03 19:50:24 - [ID=119] Utilitário Esportivo Verde | Estação: 1 | Funcionário: 102 | Posição Esteira: 4 | Loja: 2 | Posição Esteira Loja: 20
[VENDIDO]   2025-04-03 19:50:24 - [ID=120] Sedan Tradicional Azul | Estação: 3 | Funcionário: 120 | Posição Esteira: 12 | Loja: 3 | Posição Esteira Loja: 0
[VENDIDO]   2025-04-03 19:50:24 - [ID=121] Utilitário Esportivo Verde | Estação: 2 | Funcionário: 108 | Posição Esteira: 12 | Loja: 3 | Posição Esteira Loja: 37
[VENDIDO]   2025-04-03 19:50:24 - [ID=122] Utilitário Esportivo Verde | Estação: 1 | Funcionário: 115 | Posição Esteira: 32 | Loja: 1 | Posição Esteira Loja: 14
[VENDIDO]   2025-04-03 19:50:24 - [ID=123] Utilitário Esportivo Verde | Estação: 3 | Funcionário: 120 | Posição Esteira: 15 | Loja: 1 | Posição Esteira Loja: 28
[VENDIDO]   2025-04-03 19:50:24 - [ID=124] Sedan Tradicional Vermelho | Estação: 3 | Funcionário: 104 | Posição Esteira: 7 | Loja: 3 | Posição Esteira Loja: 26
[VENDIDO]   2025-04-03 19:50:24 - [ID=125] Sedan Tradicional Verde | Estação: 3 | Funcionário: 118 | Posição Esteira: 9 | Loja: 3 | Posição Esteira Loja: 33
[VENDIDO]   2025-04-03 19:50:24 - [ID=126] Sedan Tradicional Vermelho | Estação: 2 | Funcionário: 118 | Posição Esteira: 35 | Loja: 3 | Posição Esteira Loja: 3
[VENDIDO]   2025-04-03 19:50:24 - [ID=127] Sedan Tradicional Verde | Estação: 4 | Funcionário: 103 | Posição Esteira: 8 | Loja: 3 | Posição Esteira Loja: 35
[VENDIDO]   2025-04-03 19:50:24 - [ID=128] Sedan Tradicional Azul | Estação: 2 | Funcionário: 117 | Posição Esteira: 18 | Loja: 1 | Posição Esteira Loja: 8
[VENDIDO]   2025-04-03 19:50:24 - [ID=129] Sedan Tradicional Azul | Estação: 2 | Funcionário: 116 | Posição Esteira: 23 | Loja: 1 | Posição Esteira Loja: 38
[VENDIDO]   2025-04-03 19:50:24 - [ID=130] Sedan Tradicional Azul | Estação: 2 | Funcionário: 116 | Posição Esteira: 1 | Loja: 1 | Posição Esteira Loja: 31
[VENDIDO]   2025-04-03 19:50:24 - [ID=131] Utilitário Esportivo Vermelho | Estação: 3 | Funcionário: 105 | Posição Esteira: 6 | Loja: 2 | Posição Esteira Loja: 9
[VENDIDO]   2025-04-03 19:50:24 - [ID=132] Sedan Tradicional Azul | Estação: 1 | Funcionário: 108 | Posição Esteira: 6 | Loja: 1 | Posição Esteira Loja: 12
[VENDIDO]   2025-04-03 19:50:24 - [ID=133] Sedan Tradicional Verde | Estação: 4 | Funcionário: 120 | Posição Esteira: 4 | Loja: 2 | Posição Esteira Loja: 14
[VENDIDO]   2025-04-03 19:50:24 - [ID=134] Sedan Tradicional Azul | Estação: 2 | Funcionário: 117 | Posição Esteira: 4 | Loja: 3 | Posição Esteira Loja: 37
[VENDIDO]   2025-04-03 19:50:24 - [ID=135] Utilitário Esportivo Azul | Estação: 3 | Funcionário: 118 | Posição Esteira: 7 | Loja: 2 | Posição Esteira Loja: 16
[VENDIDO]   2025-04-03 19:50:24 - [ID=136] Sedan Tradicional Verde | Estação: 4 | Funcionário: 102 | Posição Esteira: 8 | Loja: 1 | Posição Esteira Loja: 38
[VENDIDO]   2025-04-03 19:50:24 - [ID=137] Sedan Tradicional Azul | Estação: 1 | Funcionário: 109 | Posição Esteira: 33 | Loja: 2 | Posição Esteira Loja: 11
[VENDIDO]   2025-04-03 19:50:24 - [ID=138] Utilitário Esportivo Verde | Estação: 3 | Funcionário: 119 | Posição Esteira: 4 | Loja: 1 | Posição Esteira Loja: 36
[VENDIDO]   2025-04-03 19:50:24 - [ID=139] Utilitário Esportivo Azul | Estação: 3 | Funcionário: 120 | Posição Esteira: 35 | Loja: 3 | Posição Esteira Loja: 26
[VENDIDO]   2025-04-03 19:50:24 - [ID=140] Utilitário Esportivo Azul | Estação: 3 | Funcionário: 119 | Posição Esteira: 27 | Loja: 1 | Posição Esteira Loja: 18
[VENDIDO]   2025-04-03 19:50:24 - [ID=141] Sedan Tradicional Azul | Estação: 3 | Funcionário: 118 | Posição Esteira: 25 | Loja: 2 | Posição Esteira Loja: 17
[VENDIDO]   2025-04-03 19:50:24 - [ID=142] Utilitário Esportivo Azul | Estação: 1 | Funcionário: 117 | Posição Esteira: 3 | Loja: 2 | Posição Esteira Loja: 39
[VENDIDO]   2025-04-03 19:50:24 - [ID=143] Utilitário Esportivo Vermelho | Estação: 2 | Funcionário: 113 | Posição Esteira: 27 | Loja: 3 | Posição Esteira Loja: 1
[VENDIDO]   2025-04-03 19:50:24 - [ID=144] Utilitário Esportivo Vermelho | Estação: 3 | Funcionário: 110 | Posição Esteira: 35 | Loja: 1 | Posição Esteira Loja: 32
[VENDIDO]   2025-04-03 19:50:24 - [ID=145] Utilitário Esportivo Verde | Estação: 2 | Funcionário: 120 | Posição Esteira: 39 | Loja: 2 | Posição Esteira Loja: 28
[VENDIDO]   2025-04-03 19:50:24 - [ID=146] Utilitário Esportivo Verde | Estação: 3 | Funcionário: 119 | Posição Esteira: 34 | Loja: 3 | Posição Esteira Loja: 19
[VENDIDO]   2025-04-03 19:50:24 - [ID=147] Sedan Tradicional Azul | Estação: 3 | Funcionário: 120 | Posição Esteira: 33 | Loja: 2 | Posição Esteira Loja: 33
[VENDIDO]   2025-04-03 19:50:24 - [ID=148] Sedan Tradicional Verde | Estação: 1 | Funcionário: 101 | Posição Esteira: 9 | Loja: 2 | Posição Esteira Loja: 16
[VENDIDO]   2025-04-03 19:50:24 - [ID=149] Utilitário Esportivo Azul | Estação: 2 | Funcionário: 113 | Posição Esteira: 29 | Loja: 3 | Posição Esteira Loja: 25
[VENDIDO]   2025-04-03 19:50:24 - [ID=150] Utilitário Esportivo Verde | Estação: 3 | Funcionário: 117 | Posição Esteira: 20 | Loja: 3 | Posição Esteira Loja: 5
[VENDIDO]   2025-04-03 19:50:24 - [ID=151] Sedan Tradicional Vermelho | Estação: 4 | Funcionário: 120 | Posição Esteira: 18 | Loja: 3 | Posição Esteira Loja: 17
[VENDIDO]   2025-04-03 19:50:24 - [ID=152] Utilitário Esportivo Verde | Estação: 1 | Funcionário: 109 | Posição Esteira: 23 | Loja: 1 | Posição Esteira Loja: 1
[VENDIDO]   2025-04-03 19:50:24 - [ID=153] Sedan Tradicional Verde | Estação: 1 | Funcionário: 107 | Posição Esteira: 8 | Loja: 1 | Posição Esteira Loja: 34
[VENDIDO]   2025-04-03 19:50:24 - [ID=154] Utilitário Esportivo Verde | Estação: 4 | Funcionário: 106 | Posição Esteira: 13 | Loja: 1 | Posição Esteira Loja: 15
[VENDIDO]   2025-04-03 19:50:24 - [ID=155] Sedan Tradicional Verde | Estação: 4 | Funcionário: 105 | Posição Esteira: 21 | Loja: 3 | Posição Esteira Loja: 8
[VENDIDO]   2025-04-03 19:50:24 - [ID=156] Sedan Tradicional Verde | Estação: 2 | Funcionário: 111 | Posição Esteira: 26 | Loja: 2 | Posição Esteira Loja: 5
[VENDIDO]   2025-04-03 19:50:24 - [ID=157] Utilitário Esportivo Azul | Estação: 4 | Funcionário: 101 | Posição Esteira: 16 | Loja: 3 | Posição Esteira Loja: 24
[VENDIDO]   2025-04-03 19:50:24 - [ID=158] Sedan Tradicional Azul | Estação: 3 | Funcionário: 117 | Posição Esteira: 31 | Loja: 1 | Posição Esteira Loja: 7
[VENDIDO]   2025-04-03 19:50:24 - [ID=159] Sedan Tradicional Vermelho | Estação: 4 | Funcionário: 101 | Posição Esteira: 8 | Loja: 1 | Posição Esteira Loja: 36
[VENDIDO]   2025-04-03 19:50:24 - [ID=160] Sedan Tradicional Vermelho | Estação: 2 | Funcionário: 115 | Posição Esteira: 38 | Loja: 3 | Posição Esteira Loja: 20
[VENDIDO]   2025-04-03 19:50:24 - [ID=161] Sedan Tradicional Verde | Estação: 2 | Funcionário: 108 | Posição Esteira: 6 | Loja: 3 | Posição Esteira Loja: 37
[VENDIDO]   2025-04-03 19:50:24 - [ID=162] Sedan Tradicional Azul | Estação: 1 | Funcionário: 111 | Posição Esteira: 19 | Loja: 3 | Posição Esteira Loja: 36
[VENDIDO]   2025-04-03 19:50:24 - [ID=163] Utilitário Esportivo Azul | Estação: 2 | Funcionário: 116 | Posição Esteira: 32 | Loja: 2 | Posição Esteira Loja: 20
[VENDIDO]   2025-04-03 19:50:24 - [ID=164] Sedan Tradicional Verde | Estação: 4 | Funcionário: 103 | Posição Esteira: 19 | Loja: 3 | Posição Esteira Loja: 10
[VENDIDO]   2025-04-03 19:50:24 - [ID=165] Sedan Tradicional Verde | Estação: 4 | Funcionário: 114 | Posição Esteira: 13 | Loja: 1 | Posição Esteira Loja: 26
[VENDIDO]   2025-04-03 19:50:24 - [ID=166] Utilitário Esportivo Verde | Estação: 4 | Funcionário: 119 | Posição Esteira: 23 | Loja: 1 | Posição Esteira Loja: 22
[VENDIDO]   2025-04-03 19:50:24 - [ID=167] Sedan Tradicional Azul | Estação: 1 | Funcionário: 112 | Posição Esteira: 7 | Loja: 1 | Posição Esteira Loja: 15
[VENDIDO]   2025-04-03 19:50:24 - [ID=168] Sedan Tradicional Verde | Estação: 1 | Funcionário: 117 | Posição Esteira: 10 | Loja: 1 | Posição Esteira Loja: 38
[VENDIDO]   2025-04-03 19:50:24 - [ID=169] Utilitário Esportivo Vermelho | Estação: 4 | Funcionário: 120 | Posição Esteira: 34 | Loja: 2 | Posição Esteira Loja: 19
[VENDIDO]   2025-04-03 19:50:24 - [ID=170] Utilitário Esportivo Verde | Estação: 2 | Funcionário: 119 | Posição Esteira: 17 | Loja: 1 | Posição Esteira Loja: 25
[VENDIDO]   2025-04-03 19:50:24 - [ID=171] Utilitário Esportivo Verde | Estação: 2 | Funcionário: 101 | Posição Esteira: 19 | Loja: 1 | Posição Esteira Loja: 21
[VENDIDO]   2025-04-03 19:50:24 - [ID=172] Sedan Tradicional Vermelho | Estação: 1 | Funcionário: 117 | Posição Esteira: 20 | Loja: 2 | Posição Esteira Loja: 2
[VENDIDO]   2025-04-03 19:50:24 - [ID=173] Utilitário Esportivo Vermelho | Estação: 2 | Funcionário: 119 | Posição Esteira: 16 | Loja: 1 | Posição Esteira Loja: 35
[VENDIDO]   2025-04-03 19:50:24 - [ID=174] Sedan Tradicional Vermelho | Estação: 1 | Funcionário: 101 | Posição Esteira: 7 | Loja: 3 | Posição Esteira Loja: 5
[VENDIDO]   2025-04-03 19:50:24 - [ID=175] Utilitário Esportivo Azul | Estação: 3 | Funcionário: 116 | Posição Esteira: 33 | Loja: 3 | Posição Esteira Loja: 18
[VENDIDO]   2025-04-03 19:50:24 - [ID=176] Utilitário Esportivo Vermelho | Estação: 3 | Funcionário: 120 | Posição Esteira: 39 | Loja: 1 | Posição Esteira Loja: 9
[VENDIDO]   2025-04-03 19:50:24 - [ID=177] Sedan Tradicional Vermelho | Estação: 3 | Funcionário: 106 | Posição Esteira: 19 | Loja: 2 | Posição Esteira Loja: 26
[VENDIDO]   2025-04-03 19:50:24 - [ID=178] Sedan Tradicional Verde | Estação: 1 | Funcionário: 103 | Posição Esteira: 25 | Loja: 2 | Posição Esteira Loja: 13
[VENDIDO]   2025-04-03 19:50:24 - [ID=179] Sedan Tradicional Vermelho | Estação: 2 | Funcionário: 115 | Posição Esteira: 33 | Loja: 2 | Posição Esteira Loja: 27
[VENDIDO]   2025-04-03 19:50:24 - [ID=180] Sedan Tradicional Azul | Estação: 3 | Funcionário: 106 | Posição Esteira: 29 | Loja: 3 | Posição Esteira Loja: 0
[VENDIDO]   2025-04-03 19:50:24 - [ID=181] Utilitário Esportivo Azul | Estação: 4 | Funcionário: 102 | Posição Esteira: 29 | Loja: 3 | Posição Esteira Loja: 20
[VENDIDO]   2025-04-03 19:50:24 - [ID=182] Utilitário Esportivo Azul | Estação: 4 | Funcionário: 120 | Posição Esteira: 5 | Loja: 2 | Posição Esteira Loja: 18
[VENDIDO]   2025-04-03 19:50:25 - [ID=183] Sedan Tradicional Verde | Estação: 2 | Funcionário: 105 | Posição Esteira: 27 | Loja: 1 | Posição Esteira Loja: 16
[VENDIDO]   2025-04-03 19:50:25 - [ID=184] Utilitário Esportivo Vermelho | Estação: 4 | Funcionário: 120 | Posição Esteira: 3 | Loja: 1 | Posição Esteira Loja: 36
[VENDIDO]   2025-04-03 19:50:25 - [ID=185] Sedan Tradicional Azul | Estação: 3 | Funcionário: 115 | Posição Esteira: 30 | Loja: 3 | Posição Esteira Loja: 35
[VENDIDO]   2025-04-03 19:50:25 - [ID=186] Utilitário Esportivo Vermelho | Estação: 2 | Funcionário: 106 | Posição Esteira: 21 | Loja: 3 | Posição Esteira Loja: 35
[VENDIDO]   2025-04-03 19:50:25 - [ID=187] Utilitário Esportivo Vermelho | Estação: 3 | Funcionário: 120 | Posição Esteira: 23 | Loja: 2 | Posição Esteira Loja: 16
[VENDIDO]   2025-04-03 19:50:25 - [ID=188] Utilitário Esportivo Verde | Estação: 1 | Funcionário: 107 | Posição Esteira: 35 | Loja: 2 | Posição Esteira Loja: 29
[VENDIDO]   2025-04-03 19:50:25 - [ID=189] Utilitário Esportivo Vermelho | Estação: 2 | Funcionário: 102 | Posição Esteira: 22 | Loja: 3 | Posição Esteira Loja: 21
[VENDIDO]   2025-04-03 19:50:25 - [ID=190] Utilitário Esportivo Vermelho | Estação: 2 | Funcionário: 105 | Posição Esteira: 23 | Loja: 1 | Posição Esteira Loja: 27
[VENDIDO]   2025-04-03 19:50:25 - [ID=191] Utilitário Esportivo Vermelho | Estação: 4 | Funcionário: 117 | Posição Esteira: 10 | Loja: 1 | Posição Esteira Loja: 20
[VENDIDO]   2025-04-03 19:50:25 - [ID=192] Utilitário Esportivo Vermelho | Estação: 4 | Funcionário: 105 | Posição Esteira: 38 | Loja: 3 | Posição Esteira Loja: 29
[VENDIDO]   2025-04-03 19:50:25 - [ID=193] Sedan Tradicional Vermelho | Estação: 4 | Funcionário: 116 | Posição Esteira: 13 | Loja: 3 | Posição Esteira Loja: 16
[VENDIDO]   2025-04-03 19:50:25 - [ID=194] Utilitário Esportivo Azul | Estação: 2 | Funcionário: 118 | Posição Esteira: 26 | Loja: 3 | Posição Esteira Loja: 22
[VENDIDO]   2025-04-03 19:50:25 - [ID=195] Utilitário Esportivo Verde | Estação: 1 | Funcionário: 110 | Posição Esteira: 29 | Loja: 1 | Posição Esteira Loja: 11
[VENDIDO]   2025-04-03 19:50:25 - [ID=196] Utilitário Esportivo Vermelho | Estação: 2 | Funcionário: 109 | Posição Esteira: 9 | Loja: 1 | Posição Esteira Loja: 8
[VENDIDO]   2025-04-03 19:50:25 - [ID=197] Sedan Tradicional Azul | Estação: 4 | Funcionário: 110 | Posição Esteira: 35 | Loja: 3 | Posição Esteira Loja: 26
[VENDIDO]   2025-04-03 19:50:25 - [ID=198] Utilitário Esportivo Azul | Estação: 4 | Funcionário: 114 | Posição Esteira: 25 | Loja: 1 | Posição Esteira Loja: 9
[VENDIDO]   2025-04-03 19:50:25 - [ID=199] Sedan Tradicional Verde | Estação: 4 | Funcionário: 120 | Posição Esteira: 24 | Loja: 3 | Posição Esteira Loja: 20
[VENDIDO]   2025-04-03 19:50:25 - [ID=200] Sedan Tradicional Vermelho | Estação: 3 | Funcionário: 114 | Posição Esteira: 35 | Loja: 2 | Posição Esteira Loja: 32
[VENDIDO]   2025-04-03 19:50:25 - [ID=201] Sedan Tradicional Azul | Estação: 2 | Funcionário: 111 | Posição Esteira: 27 | Loja: 3 | Posição Esteira Loja: 30
[VENDIDO]   2025-04-03 19:50:25 - [ID=202] Utilitário Esportivo Vermelho | Estação: 2 | Funcionário: 107 | Posição Esteira: 38 | Loja: 2 | Posição Esteira Loja: 6
[VENDIDO]   2025-04-03 19:50:25 - [ID=203] Sedan Tradicional Vermelho | Estação: 1 | Funcionário: 104 | Posição Esteira: 4 | Loja: 1 | Posição Esteira Loja: 10
[VENDIDO]   2025-04-03 19:50:25 - [ID=204] Utilitário Esportivo Vermelho | Estação: 1 | Funcionário: 109 | Posição Esteira: 0 | Loja: 2 | Posição Esteira Loja: 20
[VENDIDO]   2025-04-03 19:50:25 - [ID=205] Utilitário Esportivo Azul | Estação: 2 | Funcionário: 108 | Posição Esteira: 10 | Loja: 3 | Posição Esteira Loja: 24
[VENDIDO]   2025-04-03 19:50:25 - [ID=206] Sedan Tradicional Vermelho | Estação: 1 | Funcionário: 120 | Posição Esteira: 13 | Loja: 2 | Posição Esteira Loja: 1
[VENDIDO]   2025-04-03 19:50:25 - [ID=207] Sedan Tradicional Vermelho | Estação: 4 | Funcionário: 116 | Posição Esteira: 31 | Loja: 3 | Posição Esteira Loja: 16
[VENDIDO]   2025-04-03 19:50:25 - [ID=208] Sedan Tradicional Vermelho | Estação: 1 | Funcionário: 101 | Posição Esteira: 13 | Loja: 3 | Posição Esteira Loja: 13
[VENDIDO]   2025-04-03 19:50:25 - [ID=209] Utilitário Esportivo Azul | Estação: 4 | Funcionário: 115 | Posição Esteira: 21 | Loja: 2 | Posição Esteira Loja: 2
[VENDIDO]   2025-04-03 19:50:25 - [ID=210] Utilitário Esportivo Vermelho | Estação: 4 | Funcionário: 101 | Posição Esteira: 3 | Loja: 1 | Posição Esteira Loja: 18
[VENDIDO]   2025-04-03 19:50:25 - [ID=211] Sedan Tradicional Azul | Estação: 2 | Funcionário: 112 | Posição Esteira: 17 | Loja: 1 | Posição Esteira Loja: 29
[VENDIDO]   2025-04-03 19:50:25 - [ID=212] Sedan Tradicional Azul | Estação: 2 | Funcionário: 104 | Posição Esteira: 0 | Loja: 2 | Posição Esteira Loja: 14
[VENDIDO]   2025-04-03 19:50:25 - [ID=213] Sedan Tradicional Verde | Estação: 2 | Funcionário: 120 | Posição Esteira: 32 | Loja: 1 | Posição Esteira Loja: 0
[VENDIDO]   2025-04-03 19:50:25 - [ID=214] Utilitário Esportivo Verde | Estação: 2 | Funcionário: 109 | Posição Esteira: 2 | Loja: 3 | Posição Esteira Loja: 31
[VENDIDO]   2025-04-03 19:50:25 - [ID=215] Sedan Tradicional Azul | Estação: 2 | Funcionário: 110 | Posição Esteira: 19 | Loja: 1 | Posição Esteira Loja: 35
[VENDIDO]   2025-04-03 19:50:25 - [ID=216] Sedan Tradicional Vermelho | Estação: 1 | Funcionário: 111 | Posição Esteira: 36 | Loja: 2 | Posição Esteira Loja: 30
[VENDIDO]   2025-04-03 19:50:25 - [ID=217] Sedan Tradicional Verde | Estação: 4 | Funcionário: 108 | Posição Esteira: 10 | Loja: 1 | Posição Esteira Loja: 6
[VENDIDO]   2025-04-03 19:50:25 - [ID=218] Utilitário Esportivo Vermelho | Estação: 2 | Funcionário: 112 | Posição Esteira: 19 | Loja: 3 | Posição Esteira Loja: 29
[VENDIDO]   2025-04-03 19:50:25 - [ID=219] Utilitário Esportivo Vermelho | Estação: 2 | Funcionário: 103 | Posição Esteira: 31 | Loja: 2 | Posição Esteira Loja: 0
[VENDIDO]   2025-04-03 19:50:25 - [ID=220] Utilitário Esportivo Azul | Estação: 1 | Funcionário: 107 | Posição Esteira: 29 | Loja: 1 | Posição Esteira Loja: 12
[VENDIDO]   2025-04-03 19:50:25 - [ID=221] Sedan Tradicional Azul | Estação: 3 | Funcionário: 102 | Posição Esteira: 5 | Loja: 1 | Posição Esteira Loja: 18
[VENDIDO]   2025-04-03 19:50:25 - [ID=222] Sedan Tradicional Vermelho | Estação: 3 | Funcionário: 114 | Posição Esteira: 15 | Loja: 1 | Posição Esteira Loja: 34
[VENDIDO]   2025-04-03 19:50:25 - [ID=223] Utilitário Esportivo Azul | Estação: 1 | Funcionário: 115 | Posição Esteira: 19 | Loja: 2 | Posição Esteira Loja: 7
[VENDIDO]   2025-04-03 19:50:25 - [ID=224] Utilitário Esportivo Azul | Estação: 4 | Funcionário: 119 | Posição Esteira: 38 | Loja: 3 | Posição Esteira Loja: 39
[VENDIDO]   2025-04-03 19:50:25 - [ID=225] Utilitário Esportivo Verde | Estação: 2 | Funcionário: 120 | Posição Esteira: 18 | Loja: 1 | Posição Esteira Loja: 4
[VENDIDO]   2025-04-03 19:50:25 - [ID=226] Utilitário Esportivo Verde | Estação: 3 | Funcionário: 102 | Posição Esteira: 2 | Loja: 3 | Posição Esteira Loja: 26
[VENDIDO]   2025-04-03 19:50:25 - [ID=227] Sedan Tradicional Azul | Estação: 1 | Funcionário: 101 | Posição Esteira: 7 | Loja: 1 | Posição Esteira Loja: 33
[VENDIDO]   2025-04-03 19:50:25 - [ID=228] Sedan Tradicional Azul | Estação: 4 | Funcionário: 107 | Posição Esteira: 4 | Loja: 3 | Posição Esteira Loja: 24
[VENDIDO]   2025-04-03 19:50:25 - [ID=229] Utilitário Esportivo Azul | Estação: 4 | Funcionário: 112 | Posição Esteira: 18 | Loja: 3 | Posição Esteira Loja: 2
[VENDIDO]   2025-04-03 19:50:25 - [ID=230] Sedan Tradicional Azul | Estação: 1 | Funcionário: 113 | Posição Esteira: 21 | Loja: 1 | Posição Esteira Loja: 28
[VENDIDO]   2025-04-03 19:50:25 - [ID=231] Sedan Tradicional Verde | Estação: 1 | Funcionário: 105 | Posição Esteira: 15 | Loja: 1 | Posição Esteira Loja: 28
[VENDIDO]   2025-04-03 19:50:25 - [ID=232] Utilitário Esportivo Azul | Estação: 1 | Funcionário: 118 | Posição Esteira: 22 | Loja: 1 | Posição Esteira Loja: 38
[VENDIDO]   2025-04-03 19:50:25 - [ID=233] Utilitário Esportivo Verde | Estação: 1 | Funcionário: 105 | Posição Esteira: 33 | Loja: 1 | Posição Esteira Loja: 8
[VENDIDO]   2025-04-03 19:50:25 - [ID=234] Sedan Tradicional Vermelho | Estação: 4 | Funcionário: 110 | Posição Esteira: 24 | Loja: 1 | Posição Esteira Loja: 0
[VENDIDO]   2025-04-03 19:50:25 - [ID=235] Utilitário Esportivo Vermelho | Estação: 4 | Funcionário: 106 | Posição Esteira: 26 | Loja: 3 | Posição Esteira Loja: 4
[VENDIDO]   2025-04-03 19:50:25 - [ID=236] Sedan Tradicional Azul | Estação: 2 | Funcionário: 108 | Posição Esteira: 36 | Loja: 1 | Posição Esteira Loja: 4
[VENDIDO]   2025-04-03 19:50:25 - [ID=237] Utilitário Esportivo Vermelho | Estação: 3 | Funcionário: 114 | Posição Esteira: 20 | Loja: 1 | Posição Esteira Loja: 28
[VENDIDO]   2025-04-03 19:50:25 - [ID=238] Utilitário Esportivo Vermelho | Estação: 1 | Funcionário: 107 | Posição Esteira: 33 | Loja: 2 | Posição Esteira Loja: 31
[VENDIDO]   2025-04-03 19:50:25 - [ID=239] Utilitário Esportivo Verde | Estação: 4 | Funcionário: 112 | Posição Esteira: 17 | Loja: 3 | Posição Esteira Loja: 8
[VENDIDO]   2025-04-03 19:50:25 - [ID=240] Sedan Tradicional Vermelho | Estação: 4 | Funcionário: 119 | Posição Esteira: 1 | Loja: 3 | Posição Esteira Loja: 17
[VENDIDO]   2025-04-03 19:50:25 - [ID=241] Sedan Tradicional Vermelho | Estação: 2 | Funcionário: 110 | Posição Esteira: 3 | Loja: 2 | Posição Esteira Loja: 9
[VENDIDO]   2025-04-03 19:50:25 - [ID=242] Utilitário Esportivo Verde | Estação: 3 | Funcionário: 114 | Posição Esteira: 36 | Loja: 2 | Posição Esteira Loja: 39
[VENDIDO]   2025-04-03 19:50:25 - [ID=243] Utilitário Esportivo Vermelho | Estação: 1 | Funcionário: 119 | Posição Esteira: 36 | Loja: 2 | Posição Esteira Loja: 29
[VENDIDO]   2025-04-03 19:50:25 - [ID=244] Utilitário Esportivo Verde | Estação: 1 | Funcionário: 120 | Posição Esteira: 22 | Loja: 1 | Posição Esteira Loja: 28
[VENDIDO]   2025-04-03 19:50:25 - [ID=245] Utilitário Esportivo Azul | Estação: 2 | Funcionário: 105 | Posição Esteira: 1 | Loja: 3 | Posição Esteira Loja: 34
[VENDIDO]   2025-04-03 19:50:26 - [ID=246] Sedan Tradicional Azul | Estação: 4 | Funcionário: 113 | Posição Esteira: 24 | Loja: 3 | Posição Esteira Loja: 18
[VENDIDO]   2025-04-03 19:50:26 - [ID=247] Sedan Tradicional Verde | Estação: 1 | Funcionário: 102 | Posição Esteira: 15 | Loja: 1 | Posição Esteira Loja: 22
[VENDIDO]   2025-04-03 19:50:26 - [ID=248] Utilitário Esportivo Azul | Estação: 1 | Funcionário: 111 | Posição Esteira: 36 | Loja: 3 | Posição Esteira Loja: 19
[VENDIDO]   2025-04-03 19:50:26 - [ID=249] Sedan Tradicional Vermelho | Estação: 3 | Funcionário: 106 | Posição Esteira: 0 | Loja: 2 | Posição Esteira Loja: 39
[VENDIDO]   2025-04-03 19:50:26 - [ID=250] Sedan Tradicional Verde | Estação: 2 | Funcionário: 113 | Posição Esteira: 10 | Loja: 3 | Posição Esteira Loja: 9
[VENDIDO]   2025-04-03 19:50:26 - [ID=251] Utilitário Esportivo Azul | Estação: 1 | Funcionário: 119 | Posição Esteira: 34 | Loja: 2 | Posição Esteira Loja: 13
[VENDIDO]   2025-04-03 19:50:26 - [ID=252] Utilitário Esportivo Azul | Estação: 3 | Funcionário: 116 | Posição Esteira: 14 | Loja: 2 | Posição Esteira Loja: 32
[VENDIDO]   2025-04-03 19:50:26 - [ID=253] Sedan Tradicional Vermelho | Estação: 3 | Funcionário: 113 | Posição Esteira: 9 | Loja: 2 | Posição Esteira Loja: 20
[VENDIDO]   2025-04-03 19:50:26 - [ID=254] Sedan Tradicional Vermelho | Estação: 3 | Funcionário: 101 | Posição Esteira: 10 | Loja: 1 | Posição Esteira Loja: 2
[VENDIDO]   2025-04-03 19:50:26 - [ID=255] Sedan Tradicional Vermelho | Estação: 4 | Funcionário: 104 | Posição Esteira: 22 | Loja: 1 | Posição Esteira Loja: 18
[VENDIDO]   2025-04-03 19:50:26 - [ID=256] Utilitário Esportivo Vermelho | Estação: 4 | Funcionário: 105 | Posição Esteira: 1 | Loja: 3 | Posição Esteira Loja: 24
[VENDIDO]   2025-04-03 19:50:26 - [ID=257] Sedan Tradicional Verde | Estação: 4 | Funcionário: 105 | Posição Esteira: 8 | Loja: 3 | Posição Esteira Loja: 12
[VENDIDO]   2025-04-03 19:50:26 - [ID=258] Sedan Tradicional Azul | Estação: 2 | Funcionário: 103 | Posição Esteira: 7 | Loja: 3 | Posição Esteira Loja: 11
[VENDIDO]   2025-04-03 19:50:26 - [ID=259] Utilitário Esportivo Azul | Estação: 3 | Funcionário: 119 | Posição Esteira: 35 | Loja: 3 | Posição Esteira Loja: 1
[VENDIDO]   2025-04-03 19:50:26 - [ID=260] Utilitário Esportivo Azul | Estação: 3 | Funcionário: 120 | Posição Esteira: 32 | Loja: 1 | Posição Esteira Loja: 0
[VENDIDO]   2025-04-03 19:50:26 - [ID=261] Utilitário Esportivo Verde | Estação: 3 | Funcionário: 103 | Posição Esteira: 21 | Loja: 1 | Posição Esteira Loja: 21
[VENDIDO]   2025-04-03 19:50:26 - [ID=262] Sedan Tradicional Vermelho | Estação: 4 | Funcionário: 101 | Posição Esteira: 32 | Loja: 2 | Posição Esteira Loja: 1
[VENDIDO]   2025-04-03 19:50:26 - [ID=263] Sedan Tradicional Vermelho | Estação: 3 | Funcionário: 103 | Posição Esteira: 6 | Loja: 1 | Posição Esteira Loja: 10
[VENDIDO]   2025-04-03 19:50:26 - [ID=264] Utilitário Esportivo Azul | Estação: 1 | Funcionário: 114 | Posição Esteira: 16 | Loja: 2 | Posição Esteira Loja: 12
[VENDIDO]   2025-04-03 19:50:26 - [ID=265] Utilitário Esportivo Verde | Estação: 3 | Funcionário: 107 | Posição Esteira: 14 | Loja: 2 | Posição Esteira Loja: 14
[VENDIDO]   2025-04-03 19:50:26 - [ID=266] Utilitário Esportivo Vermelho | Estação: 1 | Funcionário: 106 | Posição Esteira: 17 | Loja: 3 | Posição Esteira Loja: 10
[VENDIDO]   2025-04-03 19:50:26 - [ID=267] Sedan Tradicional Azul | Estação: 1 | Funcionário: 116 | Posição Esteira: 17 | Loja: 3 | Posição Esteira Loja: 25
[VENDIDO]   2025-04-03 19:50:26 - [ID=268] Utilitário Esportivo Vermelho | Estação: 2 | Funcionário: 102 | Posição Esteira: 28 | Loja: 1 | Posição Esteira Loja: 38
[VENDIDO]   2025-04-03 19:50:26 - [ID=269] Utilitário Esportivo Verde | Estação: 3 | Funcionário: 105 | Posição Esteira: 34 | Loja: 1 | Posição Esteira Loja: 35
[VENDIDO]   2025-04-03 19:50:26 - [ID=270] Sedan Tradicional Azul | Estação: 2 | Funcionário: 113 | Posição Esteira: 23 | Loja: 3 | Posição Esteira Loja: 35
[VENDIDO]   2025-04-03 19:50:26 - [ID=271] Sedan Tradicional Azul | Estação: 1 | Funcionário: 109 | Posição Esteira: 20 | Loja: 2 | Posição Esteira Loja: 13
[VENDIDO]   2025-04-03 19:50:26 - [ID=272] Utilitário Esportivo Verde | Estação: 2 | Funcionário: 120 | Posição Esteira: 30 | Loja: 2 | Posição Esteira Loja: 33
[VENDIDO]   2025-04-03 19:50:26 - [ID=273] Utilitário Esportivo Verde | Estação: 2 | Funcionário: 115 | Posição Esteira: 32 | Loja: 1 | Posição Esteira Loja: 1
[VENDIDO]   2025-04-03 19:50:26 - [ID=274] Sedan Tradicional Vermelho | Estação: 1 | Funcionário: 102 | Posição Esteira: 9 | Loja: 3 | Posição Esteira Loja: 7
[VENDIDO]   2025-04-03 19:50:26 - [ID=275] Sedan Tradicional Verde | Estação: 4 | Funcionário: 108 | Posição Esteira: 32 | Loja: 3 | Posição Esteira Loja: 5
[VENDIDO]   2025-04-03 19:50:26 - [ID=276] Sedan Tradicional Vermelho | Estação: 4 | Funcionário: 110 | Posição Esteira: 27 | Loja: 1 | Posição Esteira Loja: 32
[VENDIDO]   2025-04-03 19:50:26 - [ID=277] Sedan Tradicional Vermelho | Estação: 1 | Funcionário: 106 | Posição Esteira: 29 | Loja: 2 | Posição Esteira Loja: 22
[VENDIDO]   2025-04-03 19:50:26 - [ID=278] Sedan Tradicional Azul | Estação: 4 | Funcionário: 119 | Posição Esteira: 11 | Loja: 2 | Posição Esteira Loja: 37
[VENDIDO]   2025-04-03 19:50:26 - [ID=279] Utilitário Esportivo Vermelho | Estação: 3 | Funcionário: 101 | Posição Esteira: 9 | Loja: 3 | Posição Esteira Loja: 22
[VENDIDO]   2025-04-03 19:50:26 - [ID=280] Sedan Tradicional Vermelho | Estação: 2 | Funcionário: 101 | Posição Esteira: 10 | Loja: 3 | Posição Esteira Loja: 38
[VENDIDO]   2025-04-03 19:50:26 - [ID=281] Utilitário Esportivo Verde | Estação: 1 | Funcionário: 109 | Posição Esteira: 20 | Loja: 1 | Posição Esteira Loja: 32
[VENDIDO]   2025-04-03 19:50:26 - [ID=282] Utilitário Esportivo Azul | Estação: 4 | Funcionário: 110 | Posição Esteira: 25 | Loja: 2 | Posição Esteira Loja: 12
[VENDIDO]   2025-04-03 19:50:26 - [ID=283] Utilitário Esportivo Vermelho | Estação: 3 | Funcionário: 101 | Posição Esteira: 20 | Loja: 1 | Posição Esteira Loja: 25
[VENDIDO]   2025-04-03 19:50:26 - [ID=284] Sedan Tradicional Azul | Estação: 2 | Funcionário: 101 | Posição Esteira: 1 | Loja: 3 | Posição Esteira Loja: 36
[VENDIDO]   2025-04-03 19:50:26 - [ID=285] Utilitário Esportivo Vermelho | Estação: 3 | Funcionário: 107 | Posição Esteira: 39 | Loja: 2 | Posição Esteira Loja: 23
[VENDIDO]   2025-04-03 19:50:26 - [ID=286] Utilitário Esportivo Vermelho | Estação: 1 | Funcionário: 105 | Posição Esteira: 21 | Loja: 3 | Posição Esteira Loja: 13
[VENDIDO]   2025-04-03 19:50:26 - [ID=287] Utilitário Esportivo Azul | Estação: 4 | Funcionário: 119 | Posição Esteira: 7 | Loja: 2 | Posição Esteira Loja: 17
[VENDIDO]   2025-04-03 19:50:26 - [ID=288] Utilitário Esportivo Vermelho | Estação: 2 | Funcionário: 119 | Posição Esteira: 35 | Loja: 3 | Posição Esteira Loja: 9
[VENDIDO]   2025-04-03 19:50:26 - [ID=289] Utilitário Esportivo Azul | Estação: 3 | Funcionário: 101 | Posição Esteira: 27 | Loja: 1 | Posição Esteira Loja: 28
[VENDIDO]   2025-04-03 19:50:26 - [ID=290] Utilitário Esportivo Azul | Estação: 1 | Funcionário: 101 | Posição Esteira: 14 | Loja: 1 | Posição Esteira Loja: 37
[VENDIDO]   2025-04-03 19:50:26 - [ID=291] Sedan Tradicional Azul | Estação: 2 | Funcionário: 110 | Posição Esteira: 29 | Loja: 1 | Posição Esteira Loja: 25
[VENDIDO]   2025-04-03 19:50:26 - [ID=292] Utilitário Esportivo Vermelho | Estação: 1 | Funcionário: 105 | Posição Esteira: 9 | Loja: 1 | Posição Esteira Loja: 34
[VENDIDO]   2025-04-03 19:50:26 - [ID=293] Sedan Tradicional Verde | Estação: 1 | Funcionário: 109 | Posição Esteira: 25 | Loja: 2 | Posição Esteira Loja: 0
[VENDIDO]   2025-04-03 19:50:26 - [ID=294] Sedan Tradicional Vermelho | Estação: 1 | Funcionário: 109 | Posição Esteira: 14 | Loja: 3 | Posição Esteira Loja: 6
[VENDIDO]   2025-04-03 19:50:26 - [ID=295] Sedan Tradicional Azul | Estação: 4 | Funcionário: 114 | Posição Esteira: 19 | Loja: 3 | Posição Esteira Loja: 35
[VENDIDO]   2025-04-03 19:50:26 - [ID=296] Utilitário Esportivo Vermelho | Estação: 4 | Funcionário: 112 | Posição Esteira: 4 | Loja: 2 | Posição Esteira Loja: 7
[VENDIDO]   2025-04-03 19:50:26 - [ID=297] Sedan Tradicional Azul | Estação: 2 | Funcionário: 103 | Posição Esteira: 8 | Loja: 1 | Posição Esteira Loja: 10
[VENDIDO]   2025-04-03 19:50:26 - [ID=298] Sedan Tradicional Vermelho | Estação: 1 | Funcionário: 109 | Posição Esteira: 7 | Loja: 1 | Posição Esteira Loja: 32
[VENDIDO]   2025-04-03 19:50:26 - [ID=299] Sedan Tradicional Azul | Estação: 4 | Funcionário: 120 | Posição Esteira: 37 | Loja: 1 | Posição Esteira Loja: 20
[VENDIDO]   2025-04-03 19:50:26 - [ID=300] Sedan Tradicional Verde | Estação: 4 | Funcionário: 110 | Posição Esteira: 36 | Loja: 2 | Posição Esteira Loja: 14
[VENDIDO]   2025-04-03 19:50:26 - [ID=301] Utilitário Esportivo Verde | Estação: 4 | Funcionário: 120 | Posição Esteira: 39 | Loja: 1 | Posição Esteira Loja: 25
[VENDIDO]   2025-04-03 19:50:26 - [ID=302] Sedan Tradicional Vermelho | Estação: 4 | Funcionário: 118 | Posição Esteira: 26 | Loja: 3 | Posição Esteira Loja: 25
[VENDIDO]   2025-04-03 19:50:26 - [ID=303] Utilitário Esportivo Azul | Estação: 3 | Funcionário: 113 | Posição Esteira: 2 | Loja: 3 | Posição Esteira Loja: 20
[VENDIDO]   2025-04-03 19:50:26 - [ID=304] Sedan Tradicional Vermelho | Estação: 2 | Funcionário: 106 | Posição Esteira: 16 | Loja: 3 | Posição Esteira Loja: 0
[VENDIDO]   2025-04-03 19:50:26 - [ID=305] Utilitário Esportivo Vermelho | Estação: 3 | Funcionário: 110 | Posição Esteira: 24 | Loja: 2 | Posição Esteira Loja: 24
[VENDIDO]   2025-04-03 19:50:26 - [ID=306] Sedan Tradicional Azul | Estação: 4 | Funcionário: 112 | Posição Esteira: 28 | Loja: 3 | Posição Esteira Loja: 38
[VENDIDO]   2025-04-03 19:50:26 - [ID=307] Sedan Tradicional Vermelho | Estação: 1 | Funcionário: 107 | Posição Esteira: 23 | Loja: 2 | Posição Esteira Loja: 19
[VENDIDO]   2025-04-03 19:50:27 - [ID=308] Utilitário Esportivo Verde | Estação: 2 | Funcionário: 113 | Posição Esteira: 11 | Loja: 1 | Posição Esteira Loja: 37
[VENDIDO]   2025-04-03 19:50:27 - [ID=309] Utilitário Esportivo Verde | Estação: 1 | Funcionário: 114 | Posição Esteira: 16 | Loja: 1 | Posição Esteira Loja: 24
[VENDIDO]   2025-04-03 19:50:27 - [ID=310] Sedan Tradicional Vermelho | Estação: 2 | Funcionário: 120 | Posição Esteira: 15 | Loja: 3 | Posição Esteira Loja: 5
[VENDIDO]   2025-04-03 19:50:27 - [ID=311] Utilitário Esportivo Azul | Estação: 3 | Funcionário: 116 | Posição Esteira: 0 | Loja: 2 | Posição Esteira Loja: 23
[VENDIDO]   2025-04-03 19:50:27 - [ID=312] Sedan Tradicional Azul | Estação: 2 | Funcionário: 103 | Posição Esteira: 7 | Loja: 2 | Posição Esteira Loja: 20
[VENDIDO]   2025-04-03 19:50:27 - [ID=313] Utilitário Esportivo Vermelho | Estação: 2 | Funcionário: 118 | Posição Esteira: 18 | Loja: 3 | Posição Esteira Loja: 23
[VENDIDO]   2025-04-03 19:50:27 - [ID=314] Sedan Tradicional Azul | Estação: 2 | Funcionário: 102 | Posição Esteira: 9 | Loja: 1 | Posição Esteira Loja: 17
[VENDIDO]   2025-04-03 19:50:27 - [ID=315] Utilitário Esportivo Vermelho | Estação: 4 | Funcionário: 115 | Posição Esteira: 8 | Loja: 1 | Posição Esteira Loja: 1
[VENDIDO]   2025-04-03 19:50:27 - [ID=316] Utilitário Esportivo Vermelho | Estação: 3 | Funcionário: 119 | Posição Esteira: 33 | Loja: 2 | Posição Esteira Loja: 12
[VENDIDO]   2025-04-03 19:50:27 - [ID=317] Utilitário Esportivo Verde | Estação: 2 | Funcionário: 103 | Posição Esteira: 10 | Loja: 1 | Posição Esteira Loja: 38
[VENDIDO]   2025-04-03 19:50:27 - [ID=318] Utilitário Esportivo Verde | Estação: 4 | Funcionário: 103 | Posição Esteira: 12 | Loja: 2 | Posição Esteira Loja: 25
[VENDIDO]   2025-04-03 19:50:27 - [ID=319] Sedan Tradicional Vermelho | Estação: 3 | Funcionário: 117 | Posição Esteira: 26 | Loja: 3 | Posição Esteira Loja: 39
[VENDIDO]   2025-04-03 19:50:27 - [ID=320] Utilitário Esportivo Vermelho | Estação: 3 | Funcionário: 113 | Posição Esteira: 8 | Loja: 1 | Posição Esteira Loja: 9
[VENDIDO]   2025-04-03 19:50:27 - [ID=321] Sedan Tradicional Vermelho | Estação: 3 | Funcionário: 114 | Posição Esteira: 15 | Loja: 3 | Posição Esteira Loja: 17
[VENDIDO]   2025-04-03 19:50:27 - [ID=322] Sedan Tradicional Vermelho | Estação: 3 | Funcionário: 112 | Posição Esteira: 25 | Loja: 2 | Posição Esteira Loja: 21
[VENDIDO]   2025-04-03 19:50:27 - [ID=323] Utilitário Esportivo Vermelho | Estação: 3 | Funcionário: 108 | Posição Esteira: 9 | Loja: 3 | Posição Esteira Loja: 12
[VENDIDO]   2025-04-03 19:50:27 - [ID=324] Utilitário Esportivo Azul | Estação: 4 | Funcionário: 101 | Posição Esteira: 3 | Loja: 3 | Posição Esteira Loja: 36
[VENDIDO]   2025-04-03 19:50:27 - [ID=325] Sedan Tradicional Azul | Estação: 1 | Funcionário: 107 | Posição Esteira: 25 | Loja: 2 | Posição Esteira Loja: 23
[VENDIDO]   2025-04-03 19:50:27 - [ID=326] Sedan Tradicional Azul | Estação: 2 | Funcionário: 101 | Posição Esteira: 34 | Loja: 2 | Posição Esteira Loja: 13
[VENDIDO]   2025-04-03 19:50:27 - [ID=327] Sedan Tradicional Azul | Estação: 4 | Funcionário: 104 | Posição Esteira: 34 | Loja: 3 | Posição Esteira Loja: 34
[VENDIDO]   2025-04-03 19:50:27 - [ID=328] Utilitário Esportivo Verde | Estação: 4 | Funcionário: 113 | Posição Esteira: 22 | Loja: 1 | Posição Esteira Loja: 3
[VENDIDO]   2025-04-03 19:50:27 - [ID=329] Utilitário Esportivo Verde | Estação: 4 | Funcionário: 102 | Posição Esteira: 17 | Loja: 2 | Posição Esteira Loja: 26
[VENDIDO]   2025-04-03 19:50:27 - [ID=330] Utilitário Esportivo Azul | Estação: 4 | Funcionário: 116 | Posição Esteira: 20 | Loja: 3 | Posição Esteira Loja: 23
[VENDIDO]   2025-04-03 19:50:27 - [ID=331] Sedan Tradicional Vermelho | Estação: 3 | Funcionário: 107 | Posição Esteira: 33 | Loja: 2 | Posição Esteira Loja: 9
[VENDIDO]   2025-04-03 19:50:27 - [ID=332] Sedan Tradicional Vermelho | Estação: 1 | Funcionário: 104 | Posição Esteira: 24 | Loja: 3 | Posição Esteira Loja: 1
[VENDIDO]   2025-04-03 19:50:27 - [ID=333] Utilitário Esportivo Azul | Estação: 4 | Funcionário: 104 | Posição Esteira: 16 | Loja: 2 | Posição Esteira Loja: 9
[VENDIDO]   2025-04-03 19:50:27 - [ID=334] Utilitário Esportivo Azul | Estação: 1 | Funcionário: 102 | Posição Esteira: 7 | Loja: 2 | Posição Esteira Loja: 13
[VENDIDO]   2025-04-03 19:50:27 - [ID=335] Utilitário Esportivo Vermelho | Estação: 4 | Funcionário: 115 | Posição Esteira: 33 | Loja: 2 | Posição Esteira Loja: 16
[VENDIDO]   2025-04-03 19:50:27 - [ID=336] Utilitário Esportivo Vermelho | Estação: 3 | Funcionário: 107 | Posição Esteira: 12 | Loja: 1 | Posição Esteira Loja: 35
[VENDIDO]   2025-04-03 19:50:27 - [ID=337] Sedan Tradicional Vermelho | Estação: 3 | Funcionário: 115 | Posição Esteira: 31 | Loja: 2 | Posição Esteira Loja: 26
[VENDIDO]   2025-04-03 19:50:27 - [ID=338] Sedan Tradicional Verde | Estação: 4 | Funcionário: 110 | Posição Esteira: 35 | Loja: 3 | Posição Esteira Loja: 9
[VENDIDO]   2025-04-03 19:50:27 - [ID=339] Sedan Tradicional Verde | Estação: 4 | Funcionário: 103 | Posição Esteira: 22 | Loja: 1 | Posição Esteira Loja: 10
[VENDIDO]   2025-04-03 19:50:27 - [ID=340] Utilitário Esportivo Verde | Estação: 1 | Funcionário: 113 | Posição Esteira: 26 | Loja: 1 | Posição Esteira Loja: 39
[VENDIDO]   2025-04-03 19:50:27 - [ID=341] Sedan Tradicional Azul | Estação: 1 | Funcionário: 110 | Posição Esteira: 37 | Loja: 2 | Posição Esteira Loja: 35
[VENDIDO]   2025-04-03 19:50:27 - [ID=342] Utilitário Esportivo Verde | Estação: 4 | Funcionário: 114 | Posição Esteira: 23 | Loja: 1 | Posição Esteira Loja: 30
[VENDIDO]   2025-04-03 19:50:27 - [ID=343] Utilitário Esportivo Azul | Estação: 1 | Funcionário: 110 | Posição Esteira: 13 | Loja: 3 | Posição Esteira Loja: 12
[VENDIDO]   2025-04-03 19:50:27 - [ID=344] Sedan Tradicional Verde | Estação: 3 | Funcionário: 115 | Posição Esteira: 25 | Loja: 2 | Posição Esteira Loja: 17
[VENDIDO]   2025-04-03 19:50:27 - [ID=345] Utilitário Esportivo Verde | Estação: 3 | Funcionário: 111 | Posição Esteira: 38 | Loja: 2 | Posição Esteira Loja: 39
[VENDIDO]   2025-04-03 19:50:27 - [ID=346] Utilitário Esportivo Verde | Estação: 1 | Funcionário: 116 | Posição Esteira: 23 | Loja: 1 | Posição Esteira Loja: 13
[VENDIDO]   2025-04-03 19:50:27 - [ID=347] Utilitário Esportivo Azul | Estação: 3 | Funcionário: 114 | Posição Esteira: 4 | Loja: 1 | Posição Esteira Loja: 34
[VENDIDO]   2025-04-03 19:50:27 - [ID=348] Sedan Tradicional Vermelho | Estação: 3 | Funcionário: 113 | Posição Esteira: 27 | Loja: 2 | Posição Esteira Loja: 20
[VENDIDO]   2025-04-03 19:50:27 - [ID=349] Sedan Tradicional Verde | Estação: 3 | Funcionário: 114 | Posição Esteira: 31 | Loja: 3 | Posição Esteira Loja: 6
[VENDIDO]   2025-04-03 19:50:27 - [ID=350] Sedan Tradicional Vermelho | Estação: 1 | Funcionário: 113 | Posição Esteira: 26 | Loja: 1 | Posição Esteira Loja: 32
[VENDIDO]   2025-04-03 19:50:27 - [ID=351] Utilitário Esportivo Vermelho | Estação: 4 | Funcionário: 117 | Posição Esteira: 28 | Loja: 2 | Posição Esteira Loja: 16
[VENDIDO]   2025-04-03 19:50:27 - [ID=352] Sedan Tradicional Azul | Estação: 4 | Funcionário: 115 | Posição Esteira: 29 | Loja: 2 | Posição Esteira Loja: 18
[VENDIDO]   2025-04-03 19:50:27 - [ID=353] Utilitário Esportivo Verde | Estação: 1 | Funcionário: 110 | Posição Esteira: 31 | Loja: 1 | Posição Esteira Loja: 38
[VENDIDO]   2025-04-03 19:50:27 - [ID=354] Sedan Tradicional Verde | Estação: 1 | Funcionário: 115 | Posição Esteira: 22 | Loja: 3 | Posição Esteira Loja: 6
[VENDIDO]   2025-04-03 19:50:27 - [ID=355] Utilitário Esportivo Azul | Estação: 3 | Funcionário: 114 | Posição Esteira: 26 | Loja: 2 | Posição Esteira Loja: 29
[VENDIDO]   2025-04-03 19:50:27 - [ID=356] Utilitário Esportivo Verde | Estação: 3 | Funcionário: 113 | Posição Esteira: 18 | Loja: 2 | Posição Esteira Loja: 1
[VENDIDO]   2025-04-03 19:50:27 - [ID=357] Sedan Tradicional Azul | Estação: 2 | Funcionário: 120 | Posição Esteira: 2 | Loja: 3 | Posição Esteira Loja: 6
[VENDIDO]   2025-04-03 19:50:27 - [ID=358] Sedan Tradicional Azul | Estação: 3 | Funcionário: 105 | Posição Esteira: 25 | Loja: 1 | Posição Esteira Loja: 27
[VENDIDO]   2025-04-03 19:50:27 - [ID=359] Sedan Tradicional Verde | Estação: 2 | Funcionário: 106 | Posição Esteira: 5 | Loja: 1 | Posição Esteira Loja: 28
[VENDIDO]   2025-04-03 19:50:27 - [ID=360] Sedan Tradicional Azul | Estação: 2 | Funcionário: 110 | Posição Esteira: 34 | Loja: 3 | Posição Esteira Loja: 20
[VENDIDO]   2025-04-03 19:50:27 - [ID=361] Utilitário Esportivo Azul | Estação: 1 | Funcionário: 109 | Posição Esteira: 23 | Loja: 3 | Posição Esteira Loja: 26
[VENDIDO]   2025-04-03 19:50:27 - [ID=362] Utilitário Esportivo Verde | Estação: 1 | Funcionário: 103 | Posição Esteira: 14 | Loja: 3 | Posição Esteira Loja: 3
[VENDIDO]   2025-04-03 19:50:27 - [ID=363] Sedan Tradicional Verde | Estação: 2 | Funcionário: 105 | Posição Esteira: 27 | Loja: 1 | Posição Esteira Loja: 4
[VENDIDO]   2025-04-03 19:50:27 - [ID=364] Sedan Tradicional Verde | Estação: 2 | Funcionário: 109 | Posição Esteira: 28 | Loja: 1 | Posição Esteira Loja: 2
[VENDIDO]   2025-04-03 19:50:27 - [ID=365] Sedan Tradicional Azul | Estação: 4 | Funcionário: 109 | Posição Esteira: 24 | Loja: 1 | Posição Esteira Loja: 9
[VENDIDO]   2025-04-03 19:50:27 - [ID=366] Utilitário Esportivo Azul | Estação: 3 | Funcionário: 106 | Posição Esteira: 18 | Loja: 1 | Posição Esteira Loja: 3
[VENDIDO]   2025-04-03 19:50:27 - [ID=367] Utilitário Esportivo Azul | Estação: 3 | Funcionário: 108 | Posição Esteira: 4 | Loja: 3 | Posição Esteira Loja: 6
[VENDIDO]   2025-04-03 19:50:27 - [ID=368] Sedan Tradicional Verde | Estação: 4 | Funcionário: 110 | Posição Esteira: 29 | Loja: 1 | Posição Esteira Loja: 21
[VENDIDO]   2025-04-03 19:50:27 - [ID=369] Sedan Tradicional Verde | Estação: 1 | Funcionário: 106 | Posição Esteira: 17 | Loja: 1 | Posição Esteira Loja: 33
[VENDIDO]   2025-04-03 19:50:27 - [ID=370] Utilitário Esportivo Vermelho | Estação: 3 | Funcionário: 118 | Posição Esteira: 17 | Loja: 2 | Posição Esteira Loja: 28
[VENDIDO]   2025-04-03 19:50:28 - [ID=371] Sedan Tradicional Verde | Estação: 1 | Funcionário: 106 | Posição Esteira: 1 | Loja: 2 | Posição Esteira Loja: 22
[VENDIDO]   2025-04-03 19:50:28 - [ID=372] Utilitário Esportivo Vermelho | Estação: 2 | Funcionário: 115 | Posição Esteira: 12 | Loja: 2 | Posição Esteira Loja: 34
[VENDIDO]   2025-04-03 19:50:28 - [ID=373] Sedan Tradicional Verde | Estação: 4 | Funcionário: 114 | Posição Esteira: 0 | Loja: 2 | Posição Esteira Loja: 36
[VENDIDO]   2025-04-03 19:50:28 - [ID=374] Utilitário Esportivo Vermelho | Estação: 2 | Funcionário: 119 | Posição Esteira: 8 | Loja: 1 | Posição Esteira Loja: 5
[VENDIDO]   2025-04-03 19:50:28 - [ID=375] Utilitário Esportivo Vermelho | Estação: 3 | Funcionário: 112 | Posição Esteira: 30 | Loja: 1 | Posição Esteira Loja: 26
[VENDIDO]   2025-04-03 19:50:28 - [ID=376] Utilitário Esportivo Vermelho | Estação: 3 | Funcionário: 119 | Posição Esteira: 27 | Loja: 3 | Posição Esteira Loja: 1
[VENDIDO]   2025-04-03 19:50:28 - [ID=377] Utilitário Esportivo Vermelho | Estação: 1 | Funcionário: 110 | Posição Esteira: 4 | Loja: 3 | Posição Esteira Loja: 21
[VENDIDO]   2025-04-03 19:50:28 - [ID=378] Utilitário Esportivo Verde | Estação: 1 | Funcionário: 119 | Posição Esteira: 8 | Loja: 1 | Posição Esteira Loja: 3
[VENDIDO]   2025-04-03 19:50:28 - [ID=379] Utilitário Esportivo Vermelho | Estação: 1 | Funcionário: 110 | Posição Esteira: 10 | Loja: 2 | Posição Esteira Loja: 30
[VENDIDO]   2025-04-03 19:50:28 - [ID=380] Sedan Tradicional Vermelho | Estação: 4 | Funcionário: 104 | Posição Esteira: 28 | Loja: 2 | Posição Esteira Loja: 8
[VENDIDO]   2025-04-03 19:50:28 - [ID=381] Sedan Tradicional Vermelho | Estação: 4 | Funcionário: 111 | Posição Esteira: 26 | Loja: 3 | Posição Esteira Loja: 3
[VENDIDO]   2025-04-03 19:50:28 - [ID=382] Utilitário Esportivo Vermelho | Estação: 1 | Funcionário: 101 | Posição Esteira: 28 | Loja: 3 | Posição Esteira Loja: 7
[VENDIDO]   2025-04-03 19:50:28 - [ID=383] Sedan Tradicional Vermelho | Estação: 4 | Funcionário: 107 | Posição Esteira: 39 | Loja: 1 | Posição Esteira Loja: 2
[VENDIDO]   2025-04-03 19:50:28 - [ID=384] Utilitário Esportivo Azul | Estação: 1 | Funcionário: 101 | Posição Esteira: 22 | Loja: 2 | Posição Esteira Loja: 9
[VENDIDO]   2025-04-03 19:50:28 - [ID=385] Utilitário Esportivo Verde | Estação: 3 | Funcionário: 103 | Posição Esteira: 25 | Loja: 2 | Posição Esteira Loja: 15
[VENDIDO]   2025-04-03 19:50:28 - [ID=386] Utilitário Esportivo Verde | Estação: 1 | Funcionário: 103 | Posição Esteira: 24 | Loja: 2 | Posição Esteira Loja: 12
[VENDIDO]   2025-04-03 19:50:28 - [ID=387] Sedan Tradicional Verde | Estação: 3 | Funcionário: 108 | Posição Esteira: 5 | Loja: 3 | Posição Esteira Loja: 34
[VENDIDO]   2025-04-03 19:50:28 - [ID=388] Utilitário Esportivo Vermelho | Estação: 2 | Funcionário: 104 | Posição Esteira: 1 | Loja: 3 | Posição Esteira Loja: 30
[VENDIDO]   2025-04-03 19:50:28 - [ID=389] Utilitário Esportivo Vermelho | Estação: 4 | Funcionário: 102 | Posição Esteira: 23 | Loja: 3 | Posição Esteira Loja: 25
[VENDIDO]   2025-04-03 19:50:28 - [ID=390] Utilitário Esportivo Azul | Estação: 2 | Funcionário: 118 | Posição Esteira: 39 | Loja: 1 | Posição Esteira Loja: 4
[VENDIDO]   2025-04-03 19:50:28 - [ID=391] Sedan Tradicional Vermelho | Estação: 2 | Funcionário: 106 | Posição Esteira: 26 | Loja: 3 | Posição Esteira Loja: 28
[VENDIDO]   2025-04-03 19:50:28 - [ID=392] Sedan Tradicional Vermelho | Estação: 4 | Funcionário: 101 | Posição Esteira: 30 | Loja: 1 | Posição Esteira Loja: 13
[VENDIDO]   2025-04-03 19:50:28 - [ID=393] Utilitário Esportivo Vermelho | Estação: 4 | Funcionário: 103 | Posição Esteira: 28 | Loja: 2 | Posição Esteira Loja: 4
[VENDIDO]   2025-04-03 19:50:28 - [ID=394] Sedan Tradicional Vermelho | Estação: 2 | Funcionário: 114 | Posição Esteira: 24 | Loja: 1 | Posição Esteira Loja: 15
[VENDIDO]   2025-04-03 19:50:28 - [ID=395] Sedan Tradicional Verde | Estação: 2 | Funcionário: 114 | Posição Esteira: 29 | Loja: 1 | Posição Esteira Loja: 9
[VENDIDO]   2025-04-03 19:50:28 - [ID=396] Utilitário Esportivo Azul | Estação: 3 | Funcionário: 101 | Posição Esteira: 20 | Loja: 3 | Posição Esteira Loja: 37
[VENDIDO]   2025-04-03 19:50:28 - [ID=397] Utilitário Esportivo Verde | Estação: 4 | Funcionário: 118 | Posição Esteira: 36 | Loja: 2 | Posição Esteira Loja: 3
[VENDIDO]   2025-04-03 19:50:28 - [ID=398] Sedan Tradicional Azul | Estação: 4 | Funcionário: 105 | Posição Esteira: 30 | Loja: 3 | Posição Esteira Loja: 39
[VENDIDO]   2025-04-03 19:50:28 - [ID=399] Sedan Tradicional Azul | Estação: 4 | Funcionário: 115 | Posição Esteira: 32 | Loja: 2 | Posição Esteira Loja: 34
[VENDIDO]   2025-04-03 19:50:28 - [ID=400] Utilitário Esportivo Azul | Estação: 4 | Funcionário: 102 | Posição Esteira: 8 | Loja: 2 | Posição Esteira Loja: 28
[VENDIDO]   2025-04-03 19:50:28 - [ID=401] Utilitário Esportivo Vermelho | Estação: 2 | Funcionário: 103 | Posição Esteira: 33 | Loja: 1 | Posição Esteira Loja: 27
[VENDIDO]   2025-04-03 19:50:28 - [ID=402] Sedan Tradicional Verde | Estação: 4 | Funcionário: 105 | Posição Esteira: 18 | Loja: 2 | Posição Esteira Loja: 1
[VENDIDO]   2025-04-03 19:50:28 - [ID=403] Sedan Tradicional Azul | Estação: 1 | Funcionário: 102 | Posição Esteira: 35 | Loja: 3 | Posição Esteira Loja: 34
[VENDIDO]   2025-04-03 19:50:28 - [ID=404] Utilitário Esportivo Verde | Estação: 4 | Funcionário: 111 | Posição Esteira: 12 | Loja: 2 | Posição Esteira Loja: 34
[VENDIDO]   2025-04-03 19:50:28 - [ID=405] Utilitário Esportivo Verde | Estação: 1 | Funcionário: 105 | Posição Esteira: 6 | Loja: 1 | Posição Esteira Loja: 39
[VENDIDO]   2025-04-03 19:50:28 - [ID=406] Sedan Tradicional Azul | Estação: 1 | Funcionário: 119 | Posição Esteira: 5 | Loja: 2 | Posição Esteira Loja: 36
[VENDIDO]   2025-04-03 19:50:28 - [ID=407] Sedan Tradicional Azul | Estação: 3 | Funcionário: 109 | Posição Esteira: 38 | Loja: 2 | Posição Esteira Loja: 12
[VENDIDO]   2025-04-03 19:50:28 - [ID=408] Utilitário Esportivo Verde | Estação: 2 | Funcionário: 113 | Posição Esteira: 34 | Loja: 1 | Posição Esteira Loja: 39
[VENDIDO]   2025-04-03 19:50:28 - [ID=409] Utilitário Esportivo Verde | Estação: 3 | Funcionário: 102 | Posição Esteira: 24 | Loja: 1 | Posição Esteira Loja: 11
[VENDIDO]   2025-04-03 19:50:28 - [ID=410] Utilitário Esportivo Verde | Estação: 3 | Funcionário: 104 | Posição Esteira: 14 | Loja: 2 | Posição Esteira Loja: 31
[VENDIDO]   2025-04-03 19:50:28 - [ID=411] Sedan Tradicional Verde | Estação: 3 | Funcionário: 107 | Posição Esteira: 23 | Loja: 3 | Posição Esteira Loja: 19
[VENDIDO]   2025-04-03 19:50:28 - [ID=412] Utilitário Esportivo Vermelho | Estação: 4 | Funcionário: 119 | Posição Esteira: 14 | Loja: 3 | Posição Esteira Loja: 29
[VENDIDO]   2025-04-03 19:50:28 - [ID=413] Utilitário Esportivo Azul | Estação: 4 | Funcionário: 115 | Posição Esteira: 38 | Loja: 2 | Posição Esteira Loja: 1
[VENDIDO]   2025-04-03 19:50:28 - [ID=414] Utilitário Esportivo Vermelho | Estação: 3 | Funcionário: 114 | Posição Esteira: 29 | Loja: 3 | Posição Esteira Loja: 2
[VENDIDO]   2025-04-03 19:50:28 - [ID=415] Sedan Tradicional Vermelho | Estação: 3 | Funcionário: 108 | Posição Esteira: 10 | Loja: 1 | Posição Esteira Loja: 30
[VENDIDO]   2025-04-03 19:50:28 - [ID=416] Sedan Tradicional Azul | Estação: 2 | Funcionário: 119 | Posição Esteira: 29 | Loja: 1 | Posição Esteira Loja: 10
[VENDIDO]   2025-04-03 19:50:28 - [ID=417] Utilitário Esportivo Vermelho | Estação: 3 | Funcionário: 112 | Posição Esteira: 16 | Loja: 3 | Posição Esteira Loja: 0
[VENDIDO]   2025-04-03 19:50:28 - [ID=418] Utilitário Esportivo Azul | Estação: 4 | Funcionário: 120 | Posição Esteira: 35 | Loja: 2 | Posição Esteira Loja: 36
[VENDIDO]   2025-04-03 19:50:28 - [ID=419] Sedan Tradicional Vermelho | Estação: 1 | Funcionário: 106 | Posição Esteira: 38 | Loja: 1 | Posição Esteira Loja: 6
[VENDIDO]   2025-04-03 19:50:28 - [ID=420] Sedan Tradicional Azul | Estação: 4 | Funcionário: 107 | Posição Esteira: 30 | Loja: 1 | Posição Esteira Loja: 5
[VENDIDO]   2025-04-03 19:50:28 - [ID=421] Sedan Tradicional Verde | Estação: 4 | Funcionário: 105 | Posição Esteira: 29 | Loja: 1 | Posição Esteira Loja: 27
[VENDIDO]   2025-04-03 19:50:28 - [ID=422] Utilitário Esportivo Verde | Estação: 3 | Funcionário: 106 | Posição Esteira: 31 | Loja: 1 | Posição Esteira Loja: 20
[VENDIDO]   2025-04-03 19:50:28 - [ID=423] Utilitário Esportivo Vermelho | Estação: 3 | Funcionário: 107 | Posição Esteira: 4 | Loja: 2 | Posição Esteira Loja: 7
[VENDIDO]   2025-04-03 19:50:28 - [ID=424] Sedan Tradicional Verde | Estação: 4 | Funcionário: 104 | Posição Esteira: 35 | Loja: 3 | Posição Esteira Loja: 11
[VENDIDO]   2025-04-03 19:50:28 - [ID=425] Sedan Tradicional Vermelho | Estação: 2 | Funcionário: 116 | Posição Esteira: 6 | Loja: 1 | Posição Esteira Loja: 30
[VENDIDO]   2025-04-03 19:50:28 - [ID=426] Sedan Tradicional Verde | Estação: 3 | Funcionário: 112 | Posição Esteira: 39 | Loja: 3 | Posição Esteira Loja: 31
[VENDIDO]   2025-04-03 19:50:28 - [ID=427] Utilitário Esportivo Azul | Estação: 1 | Funcionário: 114 | Posição Esteira: 35 | Loja: 2 | Posição Esteira Loja: 28
[VENDIDO]   2025-04-03 19:50:28 - [ID=428] Utilitário Esportivo Verde | Estação: 3 | Funcionário: 103 | Posição Esteira: 20 | Loja: 2 | Posição Esteira Loja: 6
[VENDIDO]   2025-04-03 19:50:28 - [ID=429] Utilitário Esportivo Verde | Estação: 4 | Funcionário: 120 | Posição Esteira: 23 | Loja: 3 | Posição Esteira Loja: 3
[VENDIDO]   2025-04-03 19:50:28 - [ID=430] Sedan Tradicional Vermelho | Estação: 4 | Funcionário: 120 | Posição Esteira: 24 | Loja: 3 | Posição Esteira Loja: 36
[VENDIDO]   2025-04-03 19:50:28 - [ID=431] Utilitário Esportivo Vermelho | Estação: 3 | Funcionário: 117 | Posição Esteira: 16 | Loja: 2 | Posição Esteira Loja: 31
[VENDIDO]   2025-04-03 19:50:28 - [ID=432] Sedan Tradicional Vermelho | Estação: 1 | Funcionário: 113 | Posição Esteira: 32 | Loja: 3 | Posição Esteira Loja: 17
[VENDIDO]   2025-04-03 19:50:28 - [ID=433] Utilitário Esportivo Verde | Estação: 4 | Funcionário: 111 | Posição Esteira: 13 | Loja: 2 | Posição Esteira Loja: 3
[VENDIDO]   2025-04-03 19:50:28 - [ID=434] Sedan Tradicional Verde | Estação: 1 | Funcionário: 111 | Posição Esteira: 10 | Loja: 2 | Posição Esteira Loja: 39
[VENDIDO]   2025-04-03 19:50:28 - [ID=435] Utilitário Esportivo Vermelho | Estação: 2 | Funcionário: 117 | Posição Esteira: 26 | Loja: 1 | Posição Esteira Loja: 12
[VENDIDO]   2025-04-03 19:50:29 - [ID=436] Sedan Tradicional Azul | Estação: 1 | Funcionário: 112 | Posição Esteira: 16 | Loja: 2 | Posição Esteira Loja: 20
[VENDIDO]   2025-04-03 19:50:29 - [ID=437] Utilitário Esportivo Azul | Estação: 2 | Funcionário: 112 | Posição Esteira: 11 | Loja: 1 | Posição Esteira Loja: 8
[VENDIDO]   2025-04-03 19:50:29 - [ID=438] Sedan Tradicional Vermelho | Estação: 3 | Funcionário: 104 | Posição Esteira: 11 | Loja: 2 | Posição Esteira Loja: 16
[VENDIDO]   2025-04-03 19:50:29 - [ID=439] Utilitário Esportivo Vermelho | Estação: 4 | Funcionário: 118 | Posição Esteira: 9 | Loja: 1 | Posição Esteira Loja: 22
[VENDIDO]   2025-04-03 19:50:29 - [ID=440] Utilitário Esportivo Verde | Estação: 2 | Funcionário: 119 | Posição Esteira: 17 | Loja: 1 | Posição Esteira Loja: 23
[VENDIDO]   2025-04-03 19:50:29 - [ID=441] Sedan Tradicional Azul | Estação: 1 | Funcionário: 111 | Posição Esteira: 6 | Loja: 2 | Posição Esteira Loja: 15
[VENDIDO]   2025-04-03 19:50:29 - [ID=442] Utilitário Esportivo Vermelho | Estação: 2 | Funcionário: 107 | Posição Esteira: 31 | Loja: 1 | Posição Esteira Loja: 22
[VENDIDO]   2025-04-03 19:50:29 - [ID=443] Utilitário Esportivo Azul | Estação: 3 | Funcionário: 108 | Posição Esteira: 22 | Loja: 1 | Posição Esteira Loja: 35
[VENDIDO]   2025-04-03 19:50:29 - [ID=444] Sedan Tradicional Verde | Estação: 1 | Funcionário: 103 | Posição Esteira: 30 | Loja: 1 | Posição Esteira Loja: 5
[VENDIDO]   2025-04-03 19:50:29 - [ID=445] Sedan Tradicional Verde | Estação: 3 | Funcionário: 110 | Posição Esteira: 15 | Loja: 2 | Posição Esteira Loja: 12
[VENDIDO]   2025-04-03 19:50:29 - [ID=446] Sedan Tradicional Vermelho | Estação: 1 | Funcionário: 109 | Posição Esteira: 18 | Loja: 1 | Posição Esteira Loja: 29
[VENDIDO]   2025-04-03 19:50:29 - [ID=447] Utilitário Esportivo Verde | Estação: 4 | Funcionário: 103 | Posição Esteira: 38 | Loja: 1 | Posição Esteira Loja: 2
[VENDIDO]   2025-04-03 19:50:29 - [ID=448] Sedan Tradicional Verde | Estação: 4 | Funcionário: 118 | Posição Esteira: 1 | Loja: 3 | Posição Esteira Loja: 32
[VENDIDO]   2025-04-03 19:50:29 - [ID=449] Sedan Tradicional Azul | Estação: 4 | Funcionário: 117 | Posição Esteira: 16 | Loja: 3 | Posição Esteira Loja: 30
[VENDIDO]   2025-04-03 19:50:29 - [ID=450] Sedan Tradicional Azul | Estação: 3 | Funcionário: 117 | Posição Esteira: 19 | Loja: 1 | Posição Esteira Loja: 18
[VENDIDO]   2025-04-03 19:50:29 - [ID=451] Utilitário Esportivo Vermelho | Estação: 4 | Funcionário: 108 | Posição Esteira: 17 | Loja: 2 | Posição Esteira Loja: 13
[VENDIDO]   2025-04-03 19:50:29 - [ID=452] Sedan Tradicional Verde | Estação: 2 | Funcionário: 109 | Posição Esteira: 27 | Loja: 2 | Posição Esteira Loja: 27
[VENDIDO]   2025-04-03 19:50:29 - [ID=453] Sedan Tradicional Vermelho | Estação: 1 | Funcionário: 107 | Posição Esteira: 31 | Loja: 3 | Posição Esteira Loja: 34
[VENDIDO]   2025-04-03 19:50:29 - [ID=454] Utilitário Esportivo Azul | Estação: 1 | Funcionário: 104 | Posição Esteira: 38 | Loja: 2 | Posição Esteira Loja: 23
[VENDIDO]   2025-04-03 19:50:29 - [ID=455] Utilitário Esportivo Azul | Estação: 2 | Funcionário: 102 | Posição Esteira: 8 | Loja: 1 | Posição Esteira Loja: 1
[VENDIDO]   2025-04-03 19:50:29 - [ID=456] Utilitário Esportivo Verde | Estação: 1 | Funcionário: 117 | Posição Esteira: 7 | Loja: 2 | Posição Esteira Loja: 25
[VENDIDO]   2025-04-03 19:50:29 - [ID=457] Sedan Tradicional Verde | Estação: 4 | Funcionário: 104 | Posição Esteira: 39 | Loja: 3 | Posição Esteira Loja: 19
[VENDIDO]   2025-04-03 19:50:29 - [ID=458] Utilitário Esportivo Azul | Estação: 4 | Funcionário: 114 | Posição Esteira: 29 | Loja: 3 | Posição Esteira Loja: 7
[VENDIDO]   2025-04-03 19:50:29 - [ID=459] Sedan Tradicional Verde | Estação: 3 | Funcionário: 104 | Posição Esteira: 27 | Loja: 1 | Posição Esteira Loja: 1
[VENDIDO]   2025-04-03 19:50:29 - [ID=460] Utilitário Esportivo Azul | Estação: 4 | Funcionário: 108 | Posição Esteira: 39 | Loja: 3 | Posição Esteira Loja: 25
[VENDIDO]   2025-04-03 19:50:29 - [ID=461] Utilitário Esportivo Verde | Estação: 3 | Funcionário: 111 | Posição Esteira: 30 | Loja: 2 | Posição Esteira Loja: 31
[VENDIDO]   2025-04-03 19:50:29 - [ID=462] Utilitário Esportivo Azul | Estação: 4 | Funcionário: 117 | Posição Esteira: 35 | Loja: 2 | Posição Esteira Loja: 32
[VENDIDO]   2025-04-03 19:50:29 - [ID=463] Sedan Tradicional Azul | Estação: 3 | Funcionário: 104 | Posição Esteira: 8 | Loja: 3 | Posição Esteira Loja: 33
[VENDIDO]   2025-04-03 19:50:29 - [ID=464] Sedan Tradicional Azul | Estação: 2 | Funcionário: 106 | Posição Esteira: 17 | Loja: 3 | Posição Esteira Loja: 19
[VENDIDO]   2025-04-03 19:50:29 - [ID=465] Utilitário Esportivo Azul | Estação: 4 | Funcionário: 109 | Posição Esteira: 0 | Loja: 3 | Posição Esteira Loja: 13
[VENDIDO]   2025-04-03 19:50:29 - [ID=466] Sedan Tradicional Verde | Estação: 4 | Funcionário: 111 | Posição Esteira: 13 | Loja: 1 | Posição Esteira Loja: 39
[VENDIDO]   2025-04-03 19:50:29 - [ID=467] Sedan Tradicional Verde | Estação: 2 | Funcionário: 101 | Posição Esteira: 16 | Loja: 1 | Posição Esteira Loja: 31
[VENDIDO]   2025-04-03 19:50:29 - [ID=468] Sedan Tradicional Verde | Estação: 4 | Funcionário: 103 | Posição Esteira: 34 | Loja: 2 | Posição Esteira Loja: 26
[VENDIDO]   2025-04-03 19:50:29 - [ID=469] Sedan Tradicional Verde | Estação: 3 | Funcionário: 115 | Posição Esteira: 34 | Loja: 2 | Posição Esteira Loja: 3
[VENDIDO]   2025-04-03 19:50:29 - [ID=470] Utilitário Esportivo Azul | Estação: 3 | Funcionário: 104 | Posição Esteira: 30 | Loja: 2 | Posição Esteira Loja: 28
[VENDIDO]   2025-04-03 19:50:29 - [ID=471] Sedan Tradicional Verde | Estação: 4 | Funcionário: 114 | Posição Esteira: 36 | Loja: 3 | Posição Esteira Loja: 30
[VENDIDO]   2025-04-03 19:50:29 - [ID=472] Sedan Tradicional Vermelho | Estação: 2 | Funcionário: 107 | Posição Esteira: 37 | Loja: 1 | Posição Esteira Loja: 39
[VENDIDO]   2025-04-03 19:50:29 - [ID=473] Sedan Tradicional Azul | Estação: 3 | Funcionário: 117 | Posição Esteira: 34 | Loja: 1 | Posição Esteira Loja: 29
[VENDIDO]   2025-04-03 19:50:29 - [ID=474] Utilitário Esportivo Verde | Estação: 1 | Funcionário: 111 | Posição Esteira: 38 | Loja: 1 | Posição Esteira Loja: 3
[VENDIDO]   2025-04-03 19:50:29 - [ID=475] Utilitário Esportivo Verde | Estação: 1 | Funcionário: 119 | Posição Esteira: 13 | Loja: 2 | Posição Esteira Loja: 4
[VENDIDO]   2025-04-03 19:50:29 - [ID=476] Sedan Tradicional Azul | Estação: 3 | Funcionário: 116 | Posição Esteira: 16 | Loja: 1 | Posição Esteira Loja: 14
[VENDIDO]   2025-04-03 19:50:29 - [ID=477] Utilitário Esportivo Verde | Estação: 2 | Funcionário: 108 | Posição Esteira: 35 | Loja: 3 | Posição Esteira Loja: 23
[VENDIDO]   2025-04-03 19:50:29 - [ID=478] Utilitário Esportivo Vermelho | Estação: 3 | Funcionário: 113 | Posição Esteira: 7 | Loja: 2 | Posição Esteira Loja: 12
[VENDIDO]   2025-04-03 19:50:29 - [ID=479] Sedan Tradicional Vermelho | Estação: 2 | Funcionário: 117 | Posição Esteira: 33 | Loja: 3 | Posição Esteira Loja: 2
[VENDIDO]   2025-04-03 19:50:29 - [ID=480] Sedan Tradicional Verde | Estação: 2 | Funcionário: 112 | Posição Esteira: 35 | Loja: 1 | Posição Esteira Loja: 8
[VENDIDO]   2025-04-03 19:50:29 - [ID=481] Sedan Tradicional Azul | Estação: 2 | Funcionário: 115 | Posição Esteira: 29 | Loja: 3 | Posição Esteira Loja: 4
[VENDIDO]   2025-04-03 19:50:29 - [ID=482] Utilitário Esportivo Verde | Estação: 1 | Funcionário: 120 | Posição Esteira: 37 | Loja: 2 | Posição Esteira Loja: 0
[VENDIDO]   2025-04-03 19:50:29 - [ID=483] Utilitário Esportivo Verde | Estação: 1 | Funcionário: 118 | Posição Esteira: 9 | Loja: 1 | Posição Esteira Loja: 3
[VENDIDO]   2025-04-03 19:50:29 - [ID=484] Utilitário Esportivo Azul | Estação: 2 | Funcionário: 115 | Posição Esteira: 6 | Loja: 2 | Posição Esteira Loja: 37
[VENDIDO]   2025-04-03 19:50:29 - [ID=485] Sedan Tradicional Vermelho | Estação: 2 | Funcionário: 102 | Posição Esteira: 10 | Loja: 1 | Posição Esteira Loja: 24
[VENDIDO]   2025-04-03 19:50:29 - [ID=486] Utilitário Esportivo Verde | Estação: 3 | Funcionário: 113 | Posição Esteira: 16 | Loja: 3 | Posição Esteira Loja: 17
[VENDIDO]   2025-04-03 19:50:29 - [ID=487] Utilitário Esportivo Vermelho | Estação: 3 | Funcionário: 110 | Posição Esteira: 16 | Loja: 2 | Posição Esteira Loja: 5
[VENDIDO]   2025-04-03 19:50:29 - [ID=488] Sedan Tradicional Verde | Estação: 4 | Funcionário: 106 | Posição Esteira: 21 | Loja: 1 | Posição Esteira Loja: 37
[VENDIDO]   2025-04-03 19:50:29 - [ID=489] Utilitário Esportivo Vermelho | Estação: 3 | Funcionário: 115 | Posição Esteira: 21 | Loja: 1 | Posição Esteira Loja: 8
[VENDIDO]   2025-04-03 19:50:29 - [ID=490] Sedan Tradicional Vermelho | Estação: 2 | Funcionário: 112 | Posição Esteira: 8 | Loja: 3 | Posição Esteira Loja: 12
[VENDIDO]   2025-04-03 19:50:29 - [ID=491] Utilitário Esportivo Azul | Estação: 2 | Funcionário: 110 | Posição Esteira: 31 | Loja: 3 | Posição Esteira Loja: 28
[VENDIDO]   2025-04-03 19:50:29 - [ID=492] Utilitário Esportivo Verde | Estação: 2 | Funcionário: 111 | Posição Esteira: 11 | Loja: 1 | Posição Esteira Loja: 34
[VENDIDO]   2025-04-03 19:50:29 - [ID=493] Utilitário Esportivo Verde | Estação: 4 | Funcionário: 106 | Posição Esteira: 12 | Loja: 1 | Posição Esteira Loja: 17
[VENDIDO]   2025-04-03 19:50:29 - [ID=494] Sedan Tradicional Verde | Estação: 3 | Funcionário: 106 | Posição Esteira: 12 | Loja: 2 | Posição Esteira Loja: 21
[VENDIDO]   2025-04-03 19:50:29 - [ID=495] Sedan Tradicional Azul | Estação: 3 | Funcionário: 103 | Posição Esteira: 28 | Loja: 1 | Posição Esteira Loja: 29
[VENDIDO]   2025-04-03 19:50:29 - [ID=496] Sedan Tradicional Azul | Estação: 2 | Funcionário: 120 | Posição Esteira: 0 | Loja: 1 | Posição Esteira Loja: 12
[VENDIDO]   2025-04-03 19:50:29 - [ID=497] Sedan Tradicional Verde | Estação: 3 | Funcionário: 101 | Posição Esteira: 22 | Loja: 3 | Posição Esteira Loja: 30
[VENDIDO]   2025-04-03 19:50:29 - [ID=498] Sedan Tradicional Azul | Estação: 4 | Funcionário: 110 | Posição Esteira: 32 | Loja: 3 | Posição Esteira Loja: 7
[VENDIDO]   2025-04-03 19:50:30 - [ID=499] Sedan Tradicional Vermelho | Estação: 1 | Funcionário: 115 | Posição Esteira: 10 | Loja: 1 | Posição Esteira Loja: 7
[VENDIDO]   2025-04-03 19:50:30 - [ID=500] Utilitário Esportivo Verde | Estação: 1 | Funcionário: 103 | Posição Esteira: 0 | Loja: 1 | Posição Esteira Loja: 18
